{"/home/travis/build/npmtest/node-npmtest-mocha-typescript/test.js":{"path":"/home/travis/build/npmtest/node-npmtest-mocha-typescript/test.js","s":{"1":2,"2":2,"3":2,"4":2,"5":2,"6":2,"7":2,"8":1,"9":2,"10":2,"11":1,"12":1,"13":1,"14":1,"15":2,"16":2,"17":2,"18":2,"19":1,"20":1,"21":2,"22":2,"23":2,"24":1,"25":1,"26":1,"27":1,"28":1,"29":1,"30":1,"31":1,"32":1,"33":1,"34":1,"35":1,"36":1,"37":1,"38":1,"39":2,"40":2,"41":1,"42":2,"43":2,"44":1,"45":2,"46":2,"47":1,"48":2,"49":2,"50":1,"51":1,"52":1,"53":1,"54":1},"b":{"1":[2,1,1,1],"2":[1,1,1,1],"3":[1,1],"4":[1,1],"5":[1,1],"6":[1,1],"7":[1,1],"8":[1,1],"9":[1,1],"10":[1,1,1],"11":[1,1],"12":[1,1],"13":[1,1],"14":[1,1],"15":[1,1],"16":[1,1],"17":[1,1]},"f":{"1":2,"2":2,"3":2,"4":2,"5":2,"6":1,"7":1,"8":1,"9":2,"10":2,"11":2,"12":2,"13":1},"fnMap":{"1":{"name":"(anonymous_1)","line":12,"loc":{"start":{"line":12,"column":1},"end":{"line":12,"column":13}}},"2":{"name":"(anonymous_2)","line":19,"loc":{"start":{"line":19,"column":5},"end":{"line":19,"column":17}}},"3":{"name":"(anonymous_3)","line":23,"loc":{"start":{"line":23,"column":24},"end":{"line":23,"column":36}}},"4":{"name":"(anonymous_4)","line":61,"loc":{"start":{"line":61,"column":5},"end":{"line":61,"column":17}}},"5":{"name":"(anonymous_5)","line":82,"loc":{"start":{"line":82,"column":5},"end":{"line":82,"column":17}}},"6":{"name":"(anonymous_6)","line":91,"loc":{"start":{"line":91,"column":77},"end":{"line":94,"column":10}}},"7":{"name":"(anonymous_7)","line":112,"loc":{"start":{"line":112,"column":83},"end":{"line":115,"column":10}},"skip":true},"8":{"name":"(anonymous_8)","line":123,"loc":{"start":{"line":123,"column":77},"end":{"line":126,"column":10}},"skip":true},"9":{"name":"(anonymous_9)","line":139,"loc":{"start":{"line":139,"column":12},"end":{"line":139,"column":40}},"skip":true},"10":{"name":"(anonymous_10)","line":147,"loc":{"start":{"line":147,"column":77},"end":{"line":150,"column":10}},"skip":true},"11":{"name":"(anonymous_11)","line":158,"loc":{"start":{"line":158,"column":83},"end":{"line":161,"column":10}},"skip":true},"12":{"name":"(anonymous_12)","line":169,"loc":{"start":{"line":169,"column":79},"end":{"line":172,"column":10}},"skip":true},"13":{"name":"(anonymous_13)","line":180,"loc":{"start":{"line":180,"column":75},"end":{"line":183,"column":10}},"skip":true}},"statementMap":{"1":{"start":{"line":12,"column":0},"end":{"line":195,"column":5}},"2":{"start":{"line":14,"column":4},"end":{"line":14,"column":14}},"3":{"start":{"line":19,"column":4},"end":{"line":56,"column":9}},"4":{"start":{"line":21,"column":8},"end":{"line":21,"column":19}},"5":{"start":{"line":23,"column":8},"end":{"line":35,"column":13}},"6":{"start":{"line":24,"column":12},"end":{"line":34,"column":13}},"7":{"start":{"line":25,"column":16},"end":{"line":28,"column":30}},"8":{"start":{"line":30,"column":16},"end":{"line":33,"column":27}},"9":{"start":{"line":37,"column":8},"end":{"line":39,"column":21}},"10":{"start":{"line":40,"column":8},"end":{"line":53,"column":9}},"11":{"start":{"line":43,"column":12},"end":{"line":46,"column":14}},"12":{"start":{"line":47,"column":12},"end":{"line":47,"column":18}},"13":{"start":{"line":50,"column":12},"end":{"line":51,"column":33}},"14":{"start":{"line":52,"column":12},"end":{"line":52,"column":18}},"15":{"start":{"line":55,"column":8},"end":{"line":55,"column":35}},"16":{"start":{"line":61,"column":4},"end":{"line":63,"column":9}},"17":{"start":{"line":62,"column":8},"end":{"line":62,"column":15}},"18":{"start":{"line":64,"column":4},"end":{"line":77,"column":5}},"19":{"start":{"line":70,"column":8},"end":{"line":70,"column":14}},"20":{"start":{"line":76,"column":8},"end":{"line":76,"column":14}},"21":{"start":{"line":82,"column":4},"end":{"line":84,"column":9}},"22":{"start":{"line":83,"column":8},"end":{"line":83,"column":15}},"23":{"start":{"line":85,"column":4},"end":{"line":194,"column":5}},"24":{"start":{"line":91,"column":8},"end":{"line":99,"column":10}},"25":{"start":{"line":98,"column":12},"end":{"line":98,"column":35}},"26":{"start":{"line":102,"column":8},"end":{"line":104,"column":63}},"27":{"start":{"line":105,"column":8},"end":{"line":105,"column":14}},"28":{"start":{"line":112,"column":8},"end":{"line":121,"column":10},"skip":true},"29":{"start":{"line":119,"column":12},"end":{"line":119,"column":55},"skip":true},"30":{"start":{"line":120,"column":12},"end":{"line":120,"column":48},"skip":true},"31":{"start":{"line":123,"column":8},"end":{"line":136,"column":10},"skip":true},"32":{"start":{"line":130,"column":12},"end":{"line":130,"column":76},"skip":true},"33":{"start":{"line":131,"column":12},"end":{"line":131,"column":73},"skip":true},"34":{"start":{"line":132,"column":12},"end":{"line":132,"column":74},"skip":true},"35":{"start":{"line":133,"column":12},"end":{"line":133,"column":79},"skip":true},"36":{"start":{"line":134,"column":12},"end":{"line":134,"column":25},"skip":true},"37":{"start":{"line":135,"column":12},"end":{"line":135,"column":45},"skip":true},"38":{"start":{"line":138,"column":8},"end":{"line":145,"column":14},"skip":true},"39":{"start":{"line":143,"column":16},"end":{"line":143,"column":29},"skip":true},"40":{"start":{"line":144,"column":16},"end":{"line":144,"column":55},"skip":true},"41":{"start":{"line":147,"column":8},"end":{"line":156,"column":10},"skip":true},"42":{"start":{"line":154,"column":12},"end":{"line":154,"column":25},"skip":true},"43":{"start":{"line":155,"column":12},"end":{"line":155,"column":45},"skip":true},"44":{"start":{"line":158,"column":8},"end":{"line":167,"column":10},"skip":true},"45":{"start":{"line":165,"column":12},"end":{"line":165,"column":25},"skip":true},"46":{"start":{"line":166,"column":12},"end":{"line":166,"column":48},"skip":true},"47":{"start":{"line":169,"column":8},"end":{"line":178,"column":10},"skip":true},"48":{"start":{"line":176,"column":12},"end":{"line":176,"column":25},"skip":true},"49":{"start":{"line":177,"column":12},"end":{"line":177,"column":46},"skip":true},"50":{"start":{"line":180,"column":8},"end":{"line":189,"column":10},"skip":true},"51":{"start":{"line":187,"column":12},"end":{"line":187,"column":94},"skip":true},"52":{"start":{"line":188,"column":12},"end":{"line":188,"column":48},"skip":true},"53":{"start":{"line":192,"column":8},"end":{"line":192,"column":35},"skip":true},"54":{"start":{"line":193,"column":8},"end":{"line":193,"column":14},"skip":true}},"branchMap":{"1":{"line":25,"type":"binary-expr","locations":[{"start":{"line":25,"column":23},"end":{"line":25,"column":62}},{"start":{"line":26,"column":20},"end":{"line":26,"column":70}},{"start":{"line":27,"column":20},"end":{"line":27,"column":71}},{"start":{"line":28,"column":20},"end":{"line":28,"column":29}}]},"2":{"line":30,"type":"binary-expr","locations":[{"start":{"line":30,"column":23},"end":{"line":30,"column":37}},{"start":{"line":31,"column":20},"end":{"line":31,"column":61}},{"start":{"line":32,"column":20},"end":{"line":32,"column":70}},{"start":{"line":33,"column":20},"end":{"line":33,"column":26}}]},"3":{"line":37,"type":"cond-expr","locations":[{"start":{"line":38,"column":14},"end":{"line":38,"column":20}},{"start":{"line":39,"column":14},"end":{"line":39,"column":20}}]},"4":{"line":40,"type":"switch","locations":[{"start":{"line":42,"column":8},"end":{"line":47,"column":18}},{"start":{"line":49,"column":8},"end":{"line":52,"column":18}}]},"5":{"line":44,"type":"binary-expr","locations":[{"start":{"line":44,"column":16},"end":{"line":44,"column":44}},{"start":{"line":44,"column":48},"end":{"line":44,"column":66}}]},"6":{"line":50,"type":"binary-expr","locations":[{"start":{"line":50,"column":21},"end":{"line":50,"column":49}},{"start":{"line":50,"column":53},"end":{"line":50,"column":72}}]},"7":{"line":64,"type":"switch","locations":[{"start":{"line":69,"column":4},"end":{"line":70,"column":14}},{"start":{"line":75,"column":4},"end":{"line":76,"column":14}}]},"8":{"line":85,"type":"switch","locations":[{"start":{"line":90,"column":4},"end":{"line":105,"column":14}},{"start":{"line":111,"column":4},"end":{"line":193,"column":14},"skip":true}]},"9":{"line":91,"type":"binary-expr","locations":[{"start":{"line":91,"column":42},"end":{"line":91,"column":73}},{"start":{"line":91,"column":77},"end":{"line":99,"column":9}}]},"10":{"line":102,"type":"binary-expr","locations":[{"start":{"line":102,"column":18},"end":{"line":102,"column":32}},{"start":{"line":103,"column":12},"end":{"line":103,"column":53}},{"start":{"line":104,"column":12},"end":{"line":104,"column":61}}]},"11":{"line":112,"type":"binary-expr","locations":[{"start":{"line":112,"column":45},"end":{"line":112,"column":79},"skip":true},{"start":{"line":112,"column":83},"end":{"line":121,"column":9},"skip":true}]},"12":{"line":123,"type":"binary-expr","locations":[{"start":{"line":123,"column":42},"end":{"line":123,"column":73},"skip":true},{"start":{"line":123,"column":77},"end":{"line":136,"column":9},"skip":true}]},"13":{"line":138,"type":"binary-expr","locations":[{"start":{"line":138,"column":48},"end":{"line":138,"column":85},"skip":true},{"start":{"line":139,"column":12},"end":{"line":145,"column":13},"skip":true}]},"14":{"line":147,"type":"binary-expr","locations":[{"start":{"line":147,"column":42},"end":{"line":147,"column":73},"skip":true},{"start":{"line":147,"column":77},"end":{"line":156,"column":9},"skip":true}]},"15":{"line":158,"type":"binary-expr","locations":[{"start":{"line":158,"column":45},"end":{"line":158,"column":79},"skip":true},{"start":{"line":158,"column":83},"end":{"line":167,"column":9},"skip":true}]},"16":{"line":169,"type":"binary-expr","locations":[{"start":{"line":169,"column":43},"end":{"line":169,"column":75},"skip":true},{"start":{"line":169,"column":79},"end":{"line":178,"column":9},"skip":true}]},"17":{"line":180,"type":"binary-expr","locations":[{"start":{"line":180,"column":41},"end":{"line":180,"column":71},"skip":true},{"start":{"line":180,"column":75},"end":{"line":189,"column":9},"skip":true}]}},"code":["/* istanbul instrument in package npmtest_mocha_typescript */","/*jslint","    bitwise: true,","    browser: true,","    maxerr: 8,","    maxlen: 96,","    node: true,","    nomen: true,","    regexp: true,","    stupid: true","*/","(function () {","    'use strict';","    var local;","","","","    // run shared js-env code - init-before","    (function () {","        // init local","        local = {};","        // init modeJs","        local.modeJs = (function () {","            try {","                return typeof navigator.userAgent === 'string' &&","                    typeof document.querySelector('body') === 'object' &&","                    typeof XMLHttpRequest.prototype.open === 'function' &&","                    'browser';","            } catch (errorCaughtBrowser) {","                return module.exports &&","                    typeof process.versions.node === 'string' &&","                    typeof require('http').createServer === 'function' &&","                    'node';","            }","        }());","        // init global","        local.global = local.modeJs === 'browser'","            ? window","            : global;","        switch (local.modeJs) {","        // re-init local from window.local","        case 'browser':","            local = local.global.utility2.objectSetDefault(","                local.global.utility2_rollup || local.global.local,","                local.global.utility2","            );","            break;","        // re-init local from example.js","        case 'node':","            local = (local.global.utility2_rollup || require('utility2'))","                .requireReadme();","            break;","        }","        // export local","        local.global.local = local;","    }());","","","","    // run shared js-env code - function","    (function () {","        return;","    }());","    switch (local.modeJs) {","","","","    // run browser js-env code - function","    case 'browser':","        break;","","","","    // run node js-env code - function","    case 'node':","        break;","    }","","","","    // run shared js-env code - init-after","    (function () {","        return;","    }());","    switch (local.modeJs) {","","","","    // run browser js-env code - init-after","    case 'browser':","        local.testCase_browser_nullCase = local.testCase_browser_nullCase || function (","            options,","            onError","        ) {","        /*","         * this function will test browsers's null-case handling-behavior-behavior","         */","            onError(null, options);","        };","","        // run tests","        local.nop(local.modeTest &&","            document.querySelector('#testRunButton1') &&","            document.querySelector('#testRunButton1').click());","        break;","","","","    // run node js-env code - init-after","    /* istanbul ignore next */","    case 'node':","        local.testCase_buildApidoc_default = local.testCase_buildApidoc_default || function (","            options,","            onError","        ) {","        /*","         * this function will test buildApidoc's default handling-behavior-behavior","         */","            options = { modulePathList: module.paths };","            local.buildApidoc(options, onError);","        };","","        local.testCase_buildApp_default = local.testCase_buildApp_default || function (","            options,","            onError","        ) {","        /*","         * this function will test buildApp's default handling-behavior-behavior","         */","            local.testCase_buildReadme_default(options, local.onErrorThrow);","            local.testCase_buildLib_default(options, local.onErrorThrow);","            local.testCase_buildTest_default(options, local.onErrorThrow);","            local.testCase_buildCustomOrg_default(options, local.onErrorThrow);","            options = [];","            local.buildApp(options, onError);","        };","","        local.testCase_buildCustomOrg_default = local.testCase_buildCustomOrg_default ||","            function (options, onError) {","            /*","             * this function will test buildCustomOrg's default handling-behavior","             */","                options = {};","                local.buildCustomOrg(options, onError);","            };","","        local.testCase_buildLib_default = local.testCase_buildLib_default || function (","            options,","            onError","        ) {","        /*","         * this function will test buildLib's default handling-behavior","         */","            options = {};","            local.buildLib(options, onError);","        };","","        local.testCase_buildReadme_default = local.testCase_buildReadme_default || function (","            options,","            onError","        ) {","        /*","         * this function will test buildReadme's default handling-behavior-behavior","         */","            options = {};","            local.buildReadme(options, onError);","        };","","        local.testCase_buildTest_default = local.testCase_buildTest_default || function (","            options,","            onError","        ) {","        /*","         * this function will test buildTest's default handling-behavior","         */","            options = {};","            local.buildTest(options, onError);","        };","","        local.testCase_webpage_default = local.testCase_webpage_default || function (","            options,","            onError","        ) {","        /*","         * this function will test webpage's default handling-behavior","         */","            options = { modeCoverageMerge: true, url: local.serverLocalHost + '?modeTest=1' };","            local.browserTest(options, onError);","        };","","        // run test-server","        local.testRunServer(local);","        break;","    }","}());",""],"l":{"12":2,"14":2,"19":2,"21":2,"23":2,"24":2,"25":2,"30":1,"37":2,"40":2,"43":1,"47":1,"50":1,"52":1,"55":2,"61":2,"62":2,"64":2,"70":1,"76":1,"82":2,"83":2,"85":2,"91":1,"98":1,"102":1,"105":1,"112":1,"119":1,"120":1,"123":1,"130":1,"131":1,"132":1,"133":1,"134":1,"135":1,"138":1,"143":2,"144":2,"147":1,"154":2,"155":2,"158":1,"165":2,"166":2,"169":1,"176":2,"177":2,"180":1,"187":1,"188":1,"192":1,"193":1}},"/home/travis/build/npmtest/node-npmtest-mocha-typescript/lib.npmtest_mocha_typescript.js":{"path":"/home/travis/build/npmtest/node-npmtest-mocha-typescript/lib.npmtest_mocha_typescript.js","s":{"1":2,"2":2,"3":2,"4":2,"5":2,"6":2,"7":2,"8":1,"9":2,"10":2,"11":2,"12":2,"13":1,"14":1,"15":1,"16":1},"b":{"1":[2,1,1,1],"2":[1,1,1,1],"3":[1,1],"4":[2,2],"5":[1,1]},"f":{"1":2,"2":2,"3":2},"fnMap":{"1":{"name":"(anonymous_1)","line":12,"loc":{"start":{"line":12,"column":1},"end":{"line":12,"column":13}}},"2":{"name":"(anonymous_2)","line":19,"loc":{"start":{"line":19,"column":5},"end":{"line":19,"column":17}}},"3":{"name":"(anonymous_3)","line":23,"loc":{"start":{"line":23,"column":24},"end":{"line":23,"column":36}}}},"statementMap":{"1":{"start":{"line":12,"column":0},"end":{"line":53,"column":5}},"2":{"start":{"line":14,"column":4},"end":{"line":14,"column":14}},"3":{"start":{"line":19,"column":4},"end":{"line":52,"column":9}},"4":{"start":{"line":21,"column":8},"end":{"line":21,"column":19}},"5":{"start":{"line":23,"column":8},"end":{"line":35,"column":13}},"6":{"start":{"line":24,"column":12},"end":{"line":34,"column":13}},"7":{"start":{"line":25,"column":16},"end":{"line":28,"column":30}},"8":{"start":{"line":30,"column":16},"end":{"line":33,"column":27}},"9":{"start":{"line":37,"column":8},"end":{"line":39,"column":21}},"10":{"start":{"line":41,"column":8},"end":{"line":41,"column":54}},"11":{"start":{"line":43,"column":8},"end":{"line":43,"column":61}},"12":{"start":{"line":45,"column":8},"end":{"line":51,"column":9}},"13":{"start":{"line":46,"column":12},"end":{"line":46,"column":67}},"14":{"start":{"line":48,"column":12},"end":{"line":48,"column":35}},"15":{"start":{"line":49,"column":12},"end":{"line":49,"column":49}},"16":{"start":{"line":50,"column":12},"end":{"line":50,"column":43}}},"branchMap":{"1":{"line":25,"type":"binary-expr","locations":[{"start":{"line":25,"column":23},"end":{"line":25,"column":62}},{"start":{"line":26,"column":20},"end":{"line":26,"column":70}},{"start":{"line":27,"column":20},"end":{"line":27,"column":71}},{"start":{"line":28,"column":20},"end":{"line":28,"column":29}}]},"2":{"line":30,"type":"binary-expr","locations":[{"start":{"line":30,"column":23},"end":{"line":30,"column":37}},{"start":{"line":31,"column":20},"end":{"line":31,"column":61}},{"start":{"line":32,"column":20},"end":{"line":32,"column":70}},{"start":{"line":33,"column":20},"end":{"line":33,"column":26}}]},"3":{"line":37,"type":"cond-expr","locations":[{"start":{"line":38,"column":14},"end":{"line":38,"column":20}},{"start":{"line":39,"column":14},"end":{"line":39,"column":20}}]},"4":{"line":41,"type":"binary-expr","locations":[{"start":{"line":41,"column":16},"end":{"line":41,"column":44}},{"start":{"line":41,"column":48},"end":{"line":41,"column":53}}]},"5":{"line":45,"type":"if","locations":[{"start":{"line":45,"column":8},"end":{"line":45,"column":8}},{"start":{"line":45,"column":8},"end":{"line":45,"column":8}}]}},"code":["/* istanbul instrument in package npmtest_mocha_typescript */","/*jslint","    bitwise: true,","    browser: true,","    maxerr: 8,","    maxlen: 96,","    node: true,","    nomen: true,","    regexp: true,","    stupid: true","*/","(function () {","    'use strict';","    var local;","","","","    // run shared js-env code - init-before","    (function () {","        // init local","        local = {};","        // init modeJs","        local.modeJs = (function () {","            try {","                return typeof navigator.userAgent === 'string' &&","                    typeof document.querySelector('body') === 'object' &&","                    typeof XMLHttpRequest.prototype.open === 'function' &&","                    'browser';","            } catch (errorCaughtBrowser) {","                return module.exports &&","                    typeof process.versions.node === 'string' &&","                    typeof require('http').createServer === 'function' &&","                    'node';","            }","        }());","        // init global","        local.global = local.modeJs === 'browser'","            ? window","            : global;","        // init utility2_rollup","        local = local.global.utility2_rollup || local;","        // init lib","        local.local = local.npmtest_mocha_typescript = local;","        // init exports","        if (local.modeJs === 'browser') {","            local.global.utility2_npmtest_mocha_typescript = local;","        } else {","            module.exports = local;","            module.exports.__dirname = __dirname;","            module.exports.module = module;","        }","    }());","}());",""],"l":{"12":2,"14":2,"19":2,"21":2,"23":2,"24":2,"25":2,"30":1,"37":2,"41":2,"43":2,"45":2,"46":1,"48":1,"49":1,"50":1}},"/home/travis/build/npmtest/node-npmtest-mocha-typescript/example.js":{"path":"/home/travis/build/npmtest/node-npmtest-mocha-typescript/example.js","s":{"1":2,"2":2,"3":2,"4":2,"5":2,"6":2,"7":2,"8":1,"9":2,"10":2,"11":2,"12":2,"13":1,"14":2,"15":2,"16":2,"17":2,"18":2,"19":0,"20":2,"21":1,"22":1,"23":1,"24":1,"25":1,"26":0,"27":0,"28":1,"29":1,"30":2,"31":0,"32":0,"33":0,"34":1,"35":2,"36":2,"37":3,"38":3,"39":3,"40":3,"41":0,"42":3,"43":3,"44":3,"45":1,"46":3,"47":1,"48":1,"49":1,"50":1,"51":1,"52":1,"53":1,"54":1,"55":1,"56":1,"57":0,"58":1,"59":6,"60":6,"61":1,"62":2,"63":0,"64":2,"65":1,"66":1,"67":0,"68":0,"69":0,"70":0,"71":0,"72":0,"73":0,"74":0,"75":0,"76":0,"77":0,"78":0,"79":0,"80":0,"81":0,"82":0,"83":0},"b":{"1":[2,1,1,1],"2":[1,1,1,1],"3":[1,1],"4":[2,2],"5":[1,1],"6":[1,1],"7":[2,0],"8":[2,1,1,1,1,1],"9":[0,2,0],"10":[1,1],"11":[2,1,1],"12":[1,0],"13":[0,2],"14":[2,0,0,0,0,0,0],"15":[0,3],"16":[3,0],"17":[1,1],"18":[0,1],"19":[1,2,0,2],"20":[1,0],"21":[1,1],"22":[0,0],"23":[0,0],"24":[0,0],"25":[0,0],"26":[0,0],"27":[0,0],"28":[0,0]},"f":{"1":2,"2":2,"3":2,"4":2,"5":2,"6":2,"7":3,"8":3,"9":3,"10":1,"11":6,"12":0},"fnMap":{"1":{"name":"(anonymous_1)","line":26,"loc":{"start":{"line":26,"column":1},"end":{"line":26,"column":13}}},"2":{"name":"(anonymous_2)","line":33,"loc":{"start":{"line":33,"column":5},"end":{"line":33,"column":17}}},"3":{"name":"(anonymous_3)","line":37,"loc":{"start":{"line":37,"column":24},"end":{"line":37,"column":36}}},"4":{"name":"(anonymous_4)","line":69,"loc":{"start":{"line":69,"column":31},"end":{"line":69,"column":48}},"skip":true},"5":{"name":"(anonymous_5)","line":78,"loc":{"start":{"line":78,"column":26},"end":{"line":78,"column":45}},"skip":true},"6":{"name":"(anonymous_6)","line":123,"loc":{"start":{"line":123,"column":33},"end":{"line":123,"column":48}},"skip":true},"7":{"name":"(anonymous_7)","line":125,"loc":{"start":{"line":125,"column":27},"end":{"line":125,"column":39}},"skip":true},"8":{"name":"(anonymous_8)","line":133,"loc":{"start":{"line":133,"column":59},"end":{"line":133,"column":74}},"skip":true},"9":{"name":"(anonymous_9)","line":143,"loc":{"start":{"line":143,"column":45},"end":{"line":143,"column":62}},"skip":true},"10":{"name":"(anonymous_10)","line":144,"loc":{"start":{"line":144,"column":73},"end":{"line":144,"column":92}},"skip":true},"11":{"name":"(anonymous_11)","line":272,"loc":{"start":{"line":272,"column":51},"end":{"line":272,"column":77}},"skip":true},"12":{"name":"(anonymous_12)","line":315,"loc":{"start":{"line":315,"column":32},"end":{"line":315,"column":61}},"skip":true}},"statementMap":{"1":{"start":{"line":26,"column":0},"end":{"line":326,"column":5}},"2":{"start":{"line":28,"column":4},"end":{"line":28,"column":14}},"3":{"start":{"line":33,"column":4},"end":{"line":60,"column":9}},"4":{"start":{"line":35,"column":8},"end":{"line":35,"column":19}},"5":{"start":{"line":37,"column":8},"end":{"line":49,"column":13}},"6":{"start":{"line":38,"column":12},"end":{"line":48,"column":13}},"7":{"start":{"line":39,"column":16},"end":{"line":42,"column":30}},"8":{"start":{"line":44,"column":16},"end":{"line":47,"column":27}},"9":{"start":{"line":51,"column":8},"end":{"line":53,"column":21}},"10":{"start":{"line":55,"column":8},"end":{"line":57,"column":45}},"11":{"start":{"line":59,"column":8},"end":{"line":59,"column":35}},"12":{"start":{"line":61,"column":4},"end":{"line":325,"column":5}},"13":{"start":{"line":69,"column":8},"end":{"line":121,"column":10},"skip":true},"14":{"start":{"line":70,"column":12},"end":{"line":88,"column":13},"skip":true},"15":{"start":{"line":76,"column":16},"end":{"line":87,"column":19},"skip":true},"16":{"start":{"line":79,"column":20},"end":{"line":86,"column":21},"skip":true},"17":{"start":{"line":82,"column":24},"end":{"line":82,"column":43},"skip":true},"18":{"start":{"line":83,"column":24},"end":{"line":83,"column":30},"skip":true},"19":{"start":{"line":85,"column":24},"end":{"line":85,"column":49},"skip":true},"20":{"start":{"line":89,"column":12},"end":{"line":107,"column":13},"skip":true},"21":{"start":{"line":92,"column":16},"end":{"line":102,"column":17},"skip":true},"22":{"start":{"line":93,"column":20},"end":{"line":93,"column":86},"skip":true},"23":{"start":{"line":94,"column":20},"end":{"line":95,"column":45},"skip":true},"24":{"start":{"line":96,"column":20},"end":{"line":96,"column":42},"skip":true},"25":{"start":{"line":97,"column":20},"end":{"line":97,"column":48},"skip":true},"26":{"start":{"line":100,"column":20},"end":{"line":100,"column":85},"skip":true},"27":{"start":{"line":101,"column":20},"end":{"line":101,"column":96},"skip":true},"28":{"start":{"line":103,"column":16},"end":{"line":103,"column":22},"skip":true},"29":{"start":{"line":106,"column":16},"end":{"line":106,"column":22},"skip":true},"30":{"start":{"line":108,"column":12},"end":{"line":120,"column":13},"skip":true},"31":{"start":{"line":114,"column":16},"end":{"line":119,"column":17},"skip":true},"32":{"start":{"line":116,"column":20},"end":{"line":116,"column":78},"skip":true},"33":{"start":{"line":118,"column":20},"end":{"line":118,"column":47},"skip":true},"34":{"start":{"line":123,"column":8},"end":{"line":141,"column":11},"skip":true},"35":{"start":{"line":124,"column":12},"end":{"line":124,"column":54},"skip":true},"36":{"start":{"line":125,"column":12},"end":{"line":140,"column":14},"skip":true},"37":{"start":{"line":126,"column":16},"end":{"line":126,"column":28},"skip":true},"38":{"start":{"line":127,"column":16},"end":{"line":127,"column":69},"skip":true},"39":{"start":{"line":128,"column":16},"end":{"line":128,"column":75},"skip":true},"40":{"start":{"line":129,"column":16},"end":{"line":131,"column":17},"skip":true},"41":{"start":{"line":130,"column":20},"end":{"line":130,"column":27},"skip":true},"42":{"start":{"line":133,"column":16},"end":{"line":137,"column":36},"skip":true},"43":{"start":{"line":134,"column":20},"end":{"line":136,"column":55},"skip":true},"44":{"start":{"line":139,"column":16},"end":{"line":139,"column":57},"skip":true},"45":{"start":{"line":143,"column":8},"end":{"line":147,"column":11},"skip":true},"46":{"start":{"line":144,"column":12},"end":{"line":146,"column":15},"skip":true},"47":{"start":{"line":145,"column":16},"end":{"line":145,"column":70},"skip":true},"48":{"start":{"line":149,"column":8},"end":{"line":149,"column":31},"skip":true},"49":{"start":{"line":150,"column":8},"end":{"line":150,"column":14},"skip":true},"50":{"start":{"line":158,"column":8},"end":{"line":158,"column":31},"skip":true},"51":{"start":{"line":160,"column":8},"end":{"line":160,"column":33},"skip":true},"52":{"start":{"line":161,"column":8},"end":{"line":161,"column":37},"skip":true},"53":{"start":{"line":162,"column":8},"end":{"line":162,"column":35},"skip":true},"54":{"start":{"line":164,"column":8},"end":{"line":164,"column":50},"skip":true},"55":{"start":{"line":166,"column":8},"end":{"line":256,"column":2},"skip":true},"56":{"start":{"line":258,"column":8},"end":{"line":286,"column":9},"skip":true},"57":{"start":{"line":259,"column":12},"end":{"line":269,"column":14},"skip":true},"58":{"start":{"line":271,"column":12},"end":{"line":285,"column":19},"skip":true},"59":{"start":{"line":274,"column":20},"end":{"line":274,"column":35},"skip":true},"60":{"start":{"line":275,"column":20},"end":{"line":284,"column":21},"skip":true},"61":{"start":{"line":277,"column":24},"end":{"line":277,"column":64},"skip":true},"62":{"start":{"line":279,"column":24},"end":{"line":279,"column":40},"skip":true},"63":{"start":{"line":281,"column":24},"end":{"line":281,"column":40},"skip":true},"64":{"start":{"line":283,"column":24},"end":{"line":283,"column":39},"skip":true},"65":{"start":{"line":288,"column":8},"end":{"line":290,"column":9},"skip":true},"66":{"start":{"line":289,"column":12},"end":{"line":289,"column":18},"skip":true},"67":{"start":{"line":291,"column":8},"end":{"line":293,"column":54},"skip":true},"68":{"start":{"line":296,"column":8},"end":{"line":301,"column":37},"skip":true},"69":{"start":{"line":303,"column":8},"end":{"line":303,"column":82},"skip":true},"70":{"start":{"line":306,"column":8},"end":{"line":308,"column":9},"skip":true},"71":{"start":{"line":307,"column":12},"end":{"line":307,"column":82},"skip":true},"72":{"start":{"line":310,"column":8},"end":{"line":312,"column":9},"skip":true},"73":{"start":{"line":311,"column":12},"end":{"line":311,"column":18},"skip":true},"74":{"start":{"line":313,"column":8},"end":{"line":313,"column":54},"skip":true},"75":{"start":{"line":314,"column":8},"end":{"line":314,"column":69},"skip":true},"76":{"start":{"line":315,"column":8},"end":{"line":323,"column":36},"skip":true},"77":{"start":{"line":316,"column":12},"end":{"line":316,"column":61},"skip":true},"78":{"start":{"line":317,"column":12},"end":{"line":320,"column":13},"skip":true},"79":{"start":{"line":318,"column":16},"end":{"line":318,"column":75},"skip":true},"80":{"start":{"line":319,"column":16},"end":{"line":319,"column":23},"skip":true},"81":{"start":{"line":321,"column":12},"end":{"line":321,"column":38},"skip":true},"82":{"start":{"line":322,"column":12},"end":{"line":322,"column":27},"skip":true},"83":{"start":{"line":324,"column":8},"end":{"line":324,"column":14},"skip":true}},"branchMap":{"1":{"line":39,"type":"binary-expr","locations":[{"start":{"line":39,"column":23},"end":{"line":39,"column":62}},{"start":{"line":40,"column":20},"end":{"line":40,"column":70}},{"start":{"line":41,"column":20},"end":{"line":41,"column":71}},{"start":{"line":42,"column":20},"end":{"line":42,"column":29}}]},"2":{"line":44,"type":"binary-expr","locations":[{"start":{"line":44,"column":23},"end":{"line":44,"column":37}},{"start":{"line":45,"column":20},"end":{"line":45,"column":61}},{"start":{"line":46,"column":20},"end":{"line":46,"column":70}},{"start":{"line":47,"column":20},"end":{"line":47,"column":26}}]},"3":{"line":51,"type":"cond-expr","locations":[{"start":{"line":52,"column":14},"end":{"line":52,"column":20}},{"start":{"line":53,"column":14},"end":{"line":53,"column":20}}]},"4":{"line":55,"type":"binary-expr","locations":[{"start":{"line":55,"column":16},"end":{"line":55,"column":44}},{"start":{"line":55,"column":49},"end":{"line":57,"column":43}}]},"5":{"line":55,"type":"cond-expr","locations":[{"start":{"line":56,"column":14},"end":{"line":56,"column":60}},{"start":{"line":57,"column":14},"end":{"line":57,"column":43}}]},"6":{"line":61,"type":"switch","locations":[{"start":{"line":68,"column":4},"end":{"line":150,"column":14},"skip":true},{"start":{"line":156,"column":4},"end":{"line":324,"column":14},"skip":true}]},"7":{"line":70,"type":"if","locations":[{"start":{"line":70,"column":12},"end":{"line":70,"column":12},"skip":true},{"start":{"line":70,"column":12},"end":{"line":70,"column":12},"skip":true}]},"8":{"line":70,"type":"binary-expr","locations":[{"start":{"line":70,"column":16},"end":{"line":70,"column":22},"skip":true},{"start":{"line":70,"column":27},"end":{"line":70,"column":32},"skip":true},{"start":{"line":71,"column":20},"end":{"line":71,"column":39},"skip":true},{"start":{"line":72,"column":20},"end":{"line":72,"column":49},"skip":true},{"start":{"line":73,"column":20},"end":{"line":73,"column":58},"skip":true},{"start":{"line":74,"column":20},"end":{"line":74,"column":69},"skip":true}]},"9":{"line":79,"type":"switch","locations":[{"start":{"line":80,"column":20},"end":{"line":80,"column":33},"skip":true},{"start":{"line":81,"column":20},"end":{"line":83,"column":30},"skip":true},{"start":{"line":84,"column":20},"end":{"line":85,"column":49},"skip":true}]},"10":{"line":89,"type":"switch","locations":[{"start":{"line":90,"column":12},"end":{"line":103,"column":22},"skip":true},{"start":{"line":105,"column":12},"end":{"line":106,"column":22},"skip":true}]},"11":{"line":89,"type":"binary-expr","locations":[{"start":{"line":89,"column":20},"end":{"line":89,"column":25},"skip":true},{"start":{"line":89,"column":29},"end":{"line":89,"column":48},"skip":true},{"start":{"line":89,"column":52},"end":{"line":89,"column":74},"skip":true}]},"12":{"line":92,"type":"if","locations":[{"start":{"line":92,"column":16},"end":{"line":92,"column":16},"skip":true},{"start":{"line":92,"column":16},"end":{"line":92,"column":16},"skip":true}]},"13":{"line":108,"type":"if","locations":[{"start":{"line":108,"column":12},"end":{"line":108,"column":12},"skip":true},{"start":{"line":108,"column":12},"end":{"line":108,"column":12},"skip":true}]},"14":{"line":108,"type":"binary-expr","locations":[{"start":{"line":108,"column":16},"end":{"line":108,"column":61},"skip":true},{"start":{"line":108,"column":66},"end":{"line":108,"column":72},"skip":true},{"start":{"line":108,"column":77},"end":{"line":108,"column":82},"skip":true},{"start":{"line":109,"column":20},"end":{"line":109,"column":39},"skip":true},{"start":{"line":110,"column":20},"end":{"line":110,"column":49},"skip":true},{"start":{"line":111,"column":20},"end":{"line":111,"column":58},"skip":true},{"start":{"line":112,"column":20},"end":{"line":112,"column":68},"skip":true}]},"15":{"line":129,"type":"if","locations":[{"start":{"line":129,"column":16},"end":{"line":129,"column":16},"skip":true},{"start":{"line":129,"column":16},"end":{"line":129,"column":16},"skip":true}]},"16":{"line":134,"type":"cond-expr","locations":[{"start":{"line":135,"column":26},"end":{"line":135,"column":29},"skip":true},{"start":{"line":136,"column":26},"end":{"line":136,"column":54},"skip":true}]},"17":{"line":164,"type":"binary-expr","locations":[{"start":{"line":164,"column":27},"end":{"line":164,"column":43},"skip":true},{"start":{"line":164,"column":47},"end":{"line":164,"column":49},"skip":true}]},"18":{"line":258,"type":"if","locations":[{"start":{"line":258,"column":8},"end":{"line":258,"column":8},"skip":true},{"start":{"line":258,"column":8},"end":{"line":258,"column":8},"skip":true}]},"19":{"line":275,"type":"switch","locations":[{"start":{"line":276,"column":20},"end":{"line":277,"column":64},"skip":true},{"start":{"line":278,"column":20},"end":{"line":279,"column":40},"skip":true},{"start":{"line":280,"column":20},"end":{"line":281,"column":40},"skip":true},{"start":{"line":282,"column":20},"end":{"line":283,"column":39},"skip":true}]},"20":{"line":288,"type":"if","locations":[{"start":{"line":288,"column":8},"end":{"line":288,"column":8},"skip":true},{"start":{"line":288,"column":8},"end":{"line":288,"column":8},"skip":true}]},"21":{"line":288,"type":"binary-expr","locations":[{"start":{"line":288,"column":12},"end":{"line":288,"column":40},"skip":true},{"start":{"line":288,"column":44},"end":{"line":288,"column":67},"skip":true}]},"22":{"line":292,"type":"binary-expr","locations":[{"start":{"line":292,"column":12},"end":{"line":292,"column":50},"skip":true},{"start":{"line":293,"column":12},"end":{"line":293,"column":53},"skip":true}]},"23":{"line":297,"type":"binary-expr","locations":[{"start":{"line":297,"column":12},"end":{"line":297,"column":74},"skip":true},{"start":{"line":298,"column":12},"end":{"line":301,"column":36},"skip":true}]},"24":{"line":303,"type":"binary-expr","locations":[{"start":{"line":303,"column":43},"end":{"line":303,"column":75},"skip":true},{"start":{"line":303,"column":79},"end":{"line":303,"column":81},"skip":true}]},"25":{"line":306,"type":"if","locations":[{"start":{"line":306,"column":8},"end":{"line":306,"column":8},"skip":true},{"start":{"line":306,"column":8},"end":{"line":306,"column":8},"skip":true}]},"26":{"line":310,"type":"if","locations":[{"start":{"line":310,"column":8},"end":{"line":310,"column":8},"skip":true},{"start":{"line":310,"column":8},"end":{"line":310,"column":8},"skip":true}]},"27":{"line":313,"type":"binary-expr","locations":[{"start":{"line":313,"column":27},"end":{"line":313,"column":43},"skip":true},{"start":{"line":313,"column":47},"end":{"line":313,"column":53},"skip":true}]},"28":{"line":317,"type":"if","locations":[{"start":{"line":317,"column":12},"end":{"line":317,"column":12},"skip":true},{"start":{"line":317,"column":12},"end":{"line":317,"column":12},"skip":true}]}},"code":["/*","example.js","","quickstart example","","instruction","    1. save this script as example.js","    2. run the shell command:","        $ npm install npmtest-mocha-typescript && PORT=8081 node example.js","    3. play with the browser-demo on http://127.0.0.1:8081","*/","","","","/* istanbul instrument in package npmtest_mocha_typescript */","/*jslint","    bitwise: true,","    browser: true,","    maxerr: 8,","    maxlen: 96,","    node: true,","    nomen: true,","    regexp: true,","    stupid: true","*/","(function () {","    'use strict';","    var local;","","","","    // run shared js-env code - init-before","    (function () {","        // init local","        local = {};","        // init modeJs","        local.modeJs = (function () {","            try {","                return typeof navigator.userAgent === 'string' &&","                    typeof document.querySelector('body') === 'object' &&","                    typeof XMLHttpRequest.prototype.open === 'function' &&","                    'browser';","            } catch (errorCaughtBrowser) {","                return module.exports &&","                    typeof process.versions.node === 'string' &&","                    typeof require('http').createServer === 'function' &&","                    'node';","            }","        }());","        // init global","        local.global = local.modeJs === 'browser'","            ? window","            : global;","        // init utility2_rollup","        local = local.global.utility2_rollup || (local.modeJs === 'browser'","            ? local.global.utility2_npmtest_mocha_typescript","            : global.utility2_moduleExports);","        // export local","        local.global.local = local;","    }());","    switch (local.modeJs) {","","","","    // init-after","    // run browser js-env code - init-after","    /* istanbul ignore next */","    case 'browser':","        local.testRunBrowser = function (event) {","            if (!event || (event &&","                    event.currentTarget &&","                    event.currentTarget.className &&","                    event.currentTarget.className.includes &&","                    event.currentTarget.className.includes('onreset'))) {","                // reset output","                Array.from(","                    document.querySelectorAll('body > .resettable')","                ).forEach(function (element) {","                    switch (element.tagName) {","                    case 'INPUT':","                    case 'TEXTAREA':","                        element.value = '';","                        break;","                    default:","                        element.textContent = '';","                    }","                });","            }","            switch (event && event.currentTarget && event.currentTarget.id) {","            case 'testRunButton1':","                // show tests","                if (document.querySelector('#testReportDiv1').style.display === 'none') {","                    document.querySelector('#testReportDiv1').style.display = 'block';","                    document.querySelector('#testRunButton1').textContent =","                        'hide internal test';","                    local.modeTest = true;","                    local.testRunDefault(local);","                // hide tests","                } else {","                    document.querySelector('#testReportDiv1').style.display = 'none';","                    document.querySelector('#testRunButton1').textContent = 'run internal test';","                }","                break;","            // custom-case","            default:","                break;","            }","            if (document.querySelector('#inputTextareaEval1') && (!event || (event &&","                    event.currentTarget &&","                    event.currentTarget.className &&","                    event.currentTarget.className.includes &&","                    event.currentTarget.className.includes('oneval')))) {","                // try to eval input-code","                try {","                    /*jslint evil: true*/","                    eval(document.querySelector('#inputTextareaEval1').value);","                } catch (errorCaught) {","                    console.error(errorCaught);","                }","            }","        };","        // log stderr and stdout to #outputTextareaStdout1","        ['error', 'log'].forEach(function (key) {","            console[key + '_original'] = console[key];","            console[key] = function () {","                var element;","                console[key + '_original'].apply(console, arguments);","                element = document.querySelector('#outputTextareaStdout1');","                if (!element) {","                    return;","                }","                // append text to #outputTextareaStdout1","                element.value += Array.from(arguments).map(function (arg) {","                    return typeof arg === 'string'","                        ? arg","                        : JSON.stringify(arg, null, 4);","                }).join(' ') + '\\n';","                // scroll textarea to bottom","                element.scrollTop = element.scrollHeight;","            };","        });","        // init event-handling","        ['change', 'click', 'keyup'].forEach(function (event) {","            Array.from(document.querySelectorAll('.on' + event)).forEach(function (element) {","                element.addEventListener(event, local.testRunBrowser);","            });","        });","        // run tests","        local.testRunBrowser();","        break;","","","","    // run node js-env code - init-after","    /* istanbul ignore next */","    case 'node':","        // export local","        module.exports = local;","        // require modules","        local.fs = require('fs');","        local.http = require('http');","        local.url = require('url');","        // init assets","        local.assetsDict = local.assetsDict || {};","        /* jslint-ignore-begin */","        local.assetsDict['/assets.index.template.html'] = '\\","<!doctype html>\\n\\","<html lang=\"en\">\\n\\","<head>\\n\\","<meta charset=\"UTF-8\">\\n\\","<meta name=\"viewport\" content=\"width=device-width, initial-scale=1\">\\n\\","<title>{{env.npm_package_name}} (v{{env.npm_package_version}})</title>\\n\\","<style>\\n\\","/*csslint\\n\\","    box-sizing: false,\\n\\","    universal-selector: false\\n\\","*/\\n\\","* {\\n\\","    box-sizing: border-box;\\n\\","}\\n\\","body {\\n\\","    background: #dde;\\n\\","    font-family: Arial, Helvetica, sans-serif;\\n\\","    margin: 2rem;\\n\\","}\\n\\","body > * {\\n\\","    margin-bottom: 1rem;\\n\\","}\\n\\",".utility2FooterDiv {\\n\\","    margin-top: 20px;\\n\\","    text-align: center;\\n\\","}\\n\\","</style>\\n\\","<style>\\n\\","/*csslint\\n\\","*/\\n\\","textarea {\\n\\","    font-family: monospace;\\n\\","    height: 10rem;\\n\\","    width: 100%;\\n\\","}\\n\\","textarea[readonly] {\\n\\","    background: #ddd;\\n\\","}\\n\\","</style>\\n\\","</head>\\n\\","<body>\\n\\","<!-- utility2-comment\\n\\","<div id=\"ajaxProgressDiv1\" style=\"background: #d00; height: 2px; left: 0; margin: 0; padding: 0; position: fixed; top: 0; transition: background 0.5s, width 1.5s; width: 25%;\"></div>\\n\\","utility2-comment -->\\n\\","<h1>\\n\\","<!-- utility2-comment\\n\\","    <a\\n\\","        {{#if env.npm_package_homepage}}\\n\\","        href=\"{{env.npm_package_homepage}}\"\\n\\","        {{/if env.npm_package_homepage}}\\n\\","        target=\"_blank\"\\n\\","    >\\n\\","utility2-comment -->\\n\\","        {{env.npm_package_name}} (v{{env.npm_package_version}})\\n\\","<!-- utility2-comment\\n\\","    </a>\\n\\","utility2-comment -->\\n\\","</h1>\\n\\","<h3>{{env.npm_package_description}}</h3>\\n\\","<!-- utility2-comment\\n\\","<h4><a download href=\"assets.app.js\">download standalone app</a></h4>\\n\\","<button class=\"onclick onreset\" id=\"testRunButton1\">run internal test</button><br>\\n\\","<div id=\"testReportDiv1\" style=\"display: none;\"></div>\\n\\","utility2-comment -->\\n\\","\\n\\","\\n\\","\\n\\","<label>stderr and stdout</label>\\n\\","<textarea class=\"resettable\" id=\"outputTextareaStdout1\" readonly></textarea>\\n\\","<!-- utility2-comment\\n\\","{{#if isRollup}}\\n\\","<script src=\"assets.app.js\"></script>\\n\\","{{#unless isRollup}}\\n\\","utility2-comment -->\\n\\","<script src=\"assets.utility2.rollup.js\"></script>\\n\\","<script src=\"jsonp.utility2._stateInit?callback=window.utility2._stateInit\"></script>\\n\\","<script src=\"assets.npmtest_mocha_typescript.rollup.js\"></script>\\n\\","<script src=\"assets.example.js\"></script>\\n\\","<script src=\"assets.test.js\"></script>\\n\\","<!-- utility2-comment\\n\\","{{/if isRollup}}\\n\\","utility2-comment -->\\n\\","<div class=\"utility2FooterDiv\">\\n\\","    [ this app was created with\\n\\","    <a href=\"https://github.com/kaizhu256/node-utility2\" target=\"_blank\">utility2</a>\\n\\","    ]\\n\\","</div>\\n\\","</body>\\n\\","</html>\\n\\","';","        /* jslint-ignore-end */","        if (local.templateRender) {","            local.assetsDict['/'] = local.templateRender(","                local.assetsDict['/assets.index.template.html'],","                {","                    env: local.objectSetDefault(local.env, {","                        npm_package_description: 'the greatest app in the world!',","                        npm_package_name: 'my-app',","                        npm_package_nameAlias: 'my_app',","                        npm_package_version: '0.0.1'","                    })","                }","            );","        } else {","            local.assetsDict['/'] = local.assetsDict['/assets.index.template.html']","                .replace((/\\{\\{env\\.(\\w+?)\\}\\}/g), function (match0, match1) {","                    // jslint-hack","                    String(match0);","                    switch (match1) {","                    case 'npm_package_description':","                        return 'the greatest app in the world!';","                    case 'npm_package_name':","                        return 'my-app';","                    case 'npm_package_nameAlias':","                        return 'my_app';","                    case 'npm_package_version':","                        return '0.0.1';","                    }","                });","        }","        // run the cli","        if (local.global.utility2_rollup || module !== require.main) {","            break;","        }","        local.assetsDict['/assets.example.js'] =","            local.assetsDict['/assets.example.js'] ||","            local.fs.readFileSync(__filename, 'utf8');","        // bug-workaround - long $npm_package_buildCustomOrg","        /* jslint-ignore-begin */","        local.assetsDict['/assets.npmtest_mocha_typescript.rollup.js'] =","            local.assetsDict['/assets.npmtest_mocha_typescript.rollup.js'] ||","            local.fs.readFileSync(","                local.npmtest_mocha_typescript.__dirname + '/lib.npmtest_mocha_typescript.js',","                'utf8'","            ).replace((/^#!/), '//');","        /* jslint-ignore-end */","        local.assetsDict['/favicon.ico'] = local.assetsDict['/favicon.ico'] || '';","        // if $npm_config_timeout_exit exists,","        // then exit this process after $npm_config_timeout_exit ms","        if (Number(process.env.npm_config_timeout_exit)) {","            setTimeout(process.exit, Number(process.env.npm_config_timeout_exit));","        }","        // start server","        if (local.global.utility2_serverHttp1) {","            break;","        }","        process.env.PORT = process.env.PORT || '8081';","        console.error('server starting on port ' + process.env.PORT);","        local.http.createServer(function (request, response) {","            request.urlParsed = local.url.parse(request.url);","            if (local.assetsDict[request.urlParsed.pathname] !== undefined) {","                response.end(local.assetsDict[request.urlParsed.pathname]);","                return;","            }","            response.statusCode = 404;","            response.end();","        }).listen(process.env.PORT);","        break;","    }","}());",""],"l":{"26":2,"28":2,"33":2,"35":2,"37":2,"38":2,"39":2,"44":1,"51":2,"55":2,"59":2,"61":2,"69":1,"70":2,"76":2,"79":2,"82":2,"83":2,"85":1,"89":2,"92":1,"93":1,"94":1,"96":1,"97":1,"100":1,"101":1,"103":1,"106":1,"108":2,"114":1,"116":1,"118":1,"123":1,"124":2,"125":2,"126":3,"127":3,"128":3,"129":3,"130":1,"133":3,"134":3,"139":3,"143":1,"144":3,"145":1,"149":1,"150":1,"158":1,"160":1,"161":1,"162":1,"164":1,"166":1,"258":1,"259":1,"271":1,"274":6,"275":6,"277":1,"279":2,"281":1,"283":2,"288":1,"289":1,"291":1,"296":1,"303":1,"306":1,"307":1,"310":1,"311":1,"313":1,"314":1,"315":1,"316":1,"317":1,"318":1,"319":1,"321":1,"322":1,"324":1}},"/home/travis/build/npmtest/node-npmtest-mocha-typescript/node_modules/mocha-typescript/index.js":{"path":"/home/travis/build/npmtest/node-npmtest-mocha-typescript/node_modules/mocha-typescript/index.js","s":{"1":2,"2":2,"3":0,"4":0,"5":0,"6":0,"7":0,"8":0,"9":0,"10":0,"11":0,"12":0,"13":0,"14":0,"15":0,"16":0,"17":0,"18":0,"19":0,"20":0,"21":0,"22":0,"23":1,"24":0,"25":0,"26":0,"27":0,"28":0,"29":0,"30":0,"31":0,"32":0,"33":0,"34":0,"35":1,"36":0,"37":0,"38":0,"39":0,"40":0,"41":0,"42":0,"43":0,"44":0,"45":0,"46":0,"47":0,"48":0,"49":0,"50":0,"51":0,"52":0,"53":0,"54":0,"55":0,"56":0,"57":0,"58":0,"59":0,"60":0,"61":0,"62":0,"63":0,"64":0,"65":0,"66":0,"67":0,"68":0,"69":0,"70":0,"71":0,"72":0,"73":0,"74":0,"75":0,"76":0,"77":0,"78":0,"79":0,"80":0,"81":0,"82":0,"83":0,"84":0,"85":0,"86":0,"87":0,"88":0,"89":0,"90":0,"91":0,"92":0,"93":0,"94":0,"95":0,"96":0,"97":0,"98":0,"99":0,"100":0,"101":0,"102":0,"103":0,"104":0,"105":0,"106":0,"107":1,"108":0,"109":1,"110":0,"111":0,"112":0,"113":0,"114":0,"115":0,"116":0,"117":0,"118":1,"119":0,"120":0,"121":0,"122":0,"123":0,"124":1,"125":0,"126":0,"127":0,"128":0,"129":0,"130":1,"131":0,"132":0,"133":0,"134":0,"135":0,"136":1,"137":0,"138":0,"139":0,"140":0,"141":1,"142":0,"143":0,"144":0,"145":0,"146":1,"147":0,"148":0,"149":0,"150":0,"151":1,"152":0,"153":0,"154":1,"155":0,"156":0,"157":0,"158":0,"159":0,"160":0,"161":0,"162":0,"163":0,"164":0,"165":0,"166":0,"167":0,"168":0,"169":0,"170":0,"171":0,"172":0,"173":0,"174":0,"175":0,"176":0,"177":0,"178":0,"179":0,"180":0,"181":0,"182":0,"183":1,"184":0,"185":0,"186":0,"187":0,"188":0,"189":0,"190":0,"191":0,"192":0,"193":0,"194":0,"195":0,"196":0,"197":0,"198":0,"199":0,"200":0,"201":0,"202":0,"203":0,"204":0,"205":0,"206":0,"207":0,"208":0,"209":0,"210":0,"211":0,"212":0,"213":0,"214":0,"215":0,"216":0,"217":0,"218":0,"219":0,"220":0,"221":0,"222":0,"223":0,"224":0},"b":{"1":[0,0],"2":[0,0],"3":[0,0],"4":[0,0],"5":[0,0],"6":[0,0],"7":[0,0],"8":[0,0],"9":[0,0],"10":[0,0],"11":[0,0],"12":[0,0],"13":[0,0],"14":[0,0],"15":[0,0,0,0,0],"16":[0,0],"17":[0,0,0,0],"18":[0,0],"19":[0,0],"20":[0,0,0],"21":[0,0],"22":[0,0],"23":[0,0],"24":[0,0,0,0,0,0,0],"25":[0,0],"26":[0,0],"27":[0,0],"28":[0,0],"29":[0,0],"30":[0,0],"31":[0,0],"32":[0,0],"33":[0,0],"34":[0,0],"35":[0,0],"36":[0,0],"37":[0,0],"38":[0,0],"39":[0,0],"40":[0,0],"41":[0,0],"42":[0,0],"43":[0,0],"44":[0,0],"45":[0,0,0,0],"46":[0,0]},"f":{"1":0,"2":0,"3":0,"4":0,"5":0,"6":0,"7":0,"8":0,"9":0,"10":0,"11":0,"12":0,"13":0,"14":0,"15":0,"16":0,"17":0,"18":0,"19":0,"20":0,"21":0,"22":0,"23":0,"24":0,"25":0,"26":0,"27":0,"28":0,"29":0,"30":0,"31":0,"32":0,"33":0,"34":0,"35":0,"36":0,"37":0,"38":0,"39":0,"40":0,"41":0,"42":0,"43":0,"44":0,"45":0,"46":0,"47":0},"fnMap":{"1":{"name":"(anonymous_1)","line":6,"loc":{"start":{"line":6,"column":10},"end":{"line":6,"column":13}}},"2":{"name":"(anonymous_2)","line":7,"loc":{"start":{"line":7,"column":14},"end":{"line":7,"column":17}}},"3":{"name":"(anonymous_3)","line":8,"loc":{"start":{"line":8,"column":18},"end":{"line":8,"column":21}}},"4":{"name":"(anonymous_4)","line":9,"loc":{"start":{"line":9,"column":13},"end":{"line":9,"column":16}}},"5":{"name":"(anonymous_5)","line":10,"loc":{"start":{"line":10,"column":17},"end":{"line":10,"column":20}}},"6":{"name":"applyDecorators","line":25,"loc":{"start":{"line":25,"column":0},"end":{"line":25,"column":63}}},"7":{"name":"makeTestFunction","line":40,"loc":{"start":{"line":40,"column":0},"end":{"line":40,"column":43}}},"8":{"name":"(anonymous_8)","line":41,"loc":{"start":{"line":41,"column":11},"end":{"line":41,"column":23}}},"9":{"name":"(anonymous_9)","line":46,"loc":{"start":{"line":46,"column":31},"end":{"line":46,"column":47}}},"10":{"name":"(anonymous_10)","line":52,"loc":{"start":{"line":52,"column":31},"end":{"line":52,"column":43}}},"11":{"name":"(anonymous_11)","line":60,"loc":{"start":{"line":60,"column":30},"end":{"line":60,"column":46}}},"12":{"name":"(anonymous_12)","line":66,"loc":{"start":{"line":66,"column":30},"end":{"line":66,"column":42}}},"13":{"name":"(anonymous_13)","line":76,"loc":{"start":{"line":76,"column":44},"end":{"line":76,"column":60}}},"14":{"name":"(anonymous_14)","line":83,"loc":{"start":{"line":83,"column":44},"end":{"line":83,"column":56}}},"15":{"name":"(anonymous_15)","line":91,"loc":{"start":{"line":91,"column":40},"end":{"line":91,"column":52}}},"16":{"name":"(anonymous_16)","line":99,"loc":{"start":{"line":99,"column":43},"end":{"line":99,"column":59}}},"17":{"name":"(anonymous_17)","line":110,"loc":{"start":{"line":110,"column":43},"end":{"line":110,"column":55}}},"18":{"name":"(anonymous_18)","line":122,"loc":{"start":{"line":122,"column":39},"end":{"line":122,"column":51}}},"19":{"name":"(anonymous_19)","line":146,"loc":{"start":{"line":146,"column":50},"end":{"line":146,"column":66}}},"20":{"name":"(anonymous_20)","line":152,"loc":{"start":{"line":152,"column":50},"end":{"line":152,"column":62}}},"21":{"name":"suite","line":165,"loc":{"start":{"line":165,"column":0},"end":{"line":165,"column":23}}},"22":{"name":"result","line":167,"loc":{"start":{"line":167,"column":4},"end":{"line":167,"column":28}}},"23":{"name":"test","line":181,"loc":{"start":{"line":181,"column":0},"end":{"line":181,"column":35}}},"24":{"name":"slow","line":193,"loc":{"start":{"line":193,"column":0},"end":{"line":193,"column":20}}},"25":{"name":"(anonymous_25)","line":194,"loc":{"start":{"line":194,"column":11},"end":{"line":194,"column":42}}},"26":{"name":"timeout","line":208,"loc":{"start":{"line":208,"column":0},"end":{"line":208,"column":23}}},"27":{"name":"(anonymous_27)","line":209,"loc":{"start":{"line":209,"column":11},"end":{"line":209,"column":42}}},"28":{"name":"pending","line":224,"loc":{"start":{"line":224,"column":0},"end":{"line":224,"column":38}}},"29":{"name":"only","line":238,"loc":{"start":{"line":238,"column":0},"end":{"line":238,"column":35}}},"30":{"name":"skip","line":252,"loc":{"start":{"line":252,"column":0},"end":{"line":252,"column":35}}},"31":{"name":"context","line":264,"loc":{"start":{"line":264,"column":0},"end":{"line":264,"column":38}}},"32":{"name":"tsdd","line":272,"loc":{"start":{"line":272,"column":0},"end":{"line":272,"column":21}}},"33":{"name":"(anonymous_33)","line":274,"loc":{"start":{"line":274,"column":28},"end":{"line":274,"column":60}}},"34":{"name":"(anonymous_34)","line":282,"loc":{"start":{"line":282,"column":45},"end":{"line":282,"column":66}}},"35":{"name":"(anonymous_35)","line":289,"loc":{"start":{"line":289,"column":71},"end":{"line":289,"column":92}}},"36":{"name":"(anonymous_36)","line":296,"loc":{"start":{"line":296,"column":32},"end":{"line":296,"column":53}}},"37":{"name":"(anonymous_37)","line":303,"loc":{"start":{"line":303,"column":39},"end":{"line":303,"column":60}}},"38":{"name":"(anonymous_38)","line":313,"loc":{"start":{"line":313,"column":26},"end":{"line":313,"column":47}}},"39":{"name":"(anonymous_39)","line":316,"loc":{"start":{"line":316,"column":59},"end":{"line":316,"column":76}}},"40":{"name":"(anonymous_40)","line":319,"loc":{"start":{"line":319,"column":29},"end":{"line":319,"column":42}}},"41":{"name":"makeClassSuite","line":323,"loc":{"start":{"line":323,"column":8},"end":{"line":323,"column":47}}},"42":{"name":"(anonymous_42)","line":339,"loc":{"start":{"line":339,"column":24},"end":{"line":339,"column":46}}},"43":{"name":"(anonymous_43)","line":341,"loc":{"start":{"line":341,"column":23},"end":{"line":341,"column":41}}},"44":{"name":"(anonymous_44)","line":358,"loc":{"start":{"line":358,"column":29},"end":{"line":358,"column":50}}},"45":{"name":"(anonymous_45)","line":365,"loc":{"start":{"line":365,"column":29},"end":{"line":365,"column":50}}},"46":{"name":"(anonymous_46)","line":372,"loc":{"start":{"line":372,"column":23},"end":{"line":372,"column":51}}},"47":{"name":"(anonymous_47)","line":392,"loc":{"start":{"line":392,"column":28},"end":{"line":392,"column":49}}}},"statementMap":{"1":{"start":{"line":2,"column":0},"end":{"line":2,"column":62}},"2":{"start":{"line":3,"column":0},"end":{"line":3,"column":39}},"3":{"start":{"line":4,"column":0},"end":{"line":4,"column":54}},"4":{"start":{"line":5,"column":0},"end":{"line":11,"column":2}},"5":{"start":{"line":6,"column":15},"end":{"line":6,"column":32}},"6":{"start":{"line":7,"column":19},"end":{"line":7,"column":40}},"7":{"start":{"line":8,"column":23},"end":{"line":8,"column":48}},"8":{"start":{"line":9,"column":18},"end":{"line":9,"column":38}},"9":{"start":{"line":10,"column":22},"end":{"line":10,"column":46}},"10":{"start":{"line":12,"column":0},"end":{"line":12,"column":39}},"11":{"start":{"line":13,"column":0},"end":{"line":13,"column":66}},"12":{"start":{"line":14,"column":0},"end":{"line":14,"column":66}},"13":{"start":{"line":16,"column":0},"end":{"line":16,"column":39}},"14":{"start":{"line":16,"column":24},"end":{"line":16,"column":38}},"15":{"start":{"line":17,"column":0},"end":{"line":17,"column":40}},"16":{"start":{"line":18,"column":0},"end":{"line":18,"column":36}},"17":{"start":{"line":19,"column":0},"end":{"line":19,"column":41}},"18":{"start":{"line":20,"column":0},"end":{"line":20,"column":36}},"19":{"start":{"line":21,"column":0},"end":{"line":21,"column":42}},"20":{"start":{"line":22,"column":0},"end":{"line":22,"column":36}},"21":{"start":{"line":23,"column":0},"end":{"line":23,"column":42}},"22":{"start":{"line":24,"column":0},"end":{"line":24,"column":36}},"23":{"start":{"line":25,"column":0},"end":{"line":38,"column":1}},"24":{"start":{"line":26,"column":4},"end":{"line":26,"column":47}},"25":{"start":{"line":27,"column":4},"end":{"line":29,"column":5}},"26":{"start":{"line":28,"column":8},"end":{"line":28,"column":36}},"27":{"start":{"line":30,"column":4},"end":{"line":30,"column":41}},"28":{"start":{"line":31,"column":4},"end":{"line":33,"column":5}},"29":{"start":{"line":32,"column":8},"end":{"line":32,"column":30}},"30":{"start":{"line":34,"column":4},"end":{"line":34,"column":55}},"31":{"start":{"line":35,"column":4},"end":{"line":37,"column":5}},"32":{"start":{"line":36,"column":8},"end":{"line":36,"column":42}},"33":{"start":{"line":39,"column":0},"end":{"line":39,"column":24}},"34":{"start":{"line":39,"column":21},"end":{"line":39,"column":23}},"35":{"start":{"line":40,"column":0},"end":{"line":164,"column":1}},"36":{"start":{"line":41,"column":4},"end":{"line":163,"column":6}},"37":{"start":{"line":42,"column":8},"end":{"line":42,"column":54}},"38":{"start":{"line":43,"column":8},"end":{"line":43,"column":21}},"39":{"start":{"line":44,"column":8},"end":{"line":57,"column":9}},"40":{"start":{"line":45,"column":12},"end":{"line":56,"column":13}},"41":{"start":{"line":46,"column":16},"end":{"line":49,"column":19}},"42":{"start":{"line":47,"column":20},"end":{"line":47,"column":73}},"43":{"start":{"line":48,"column":20},"end":{"line":48,"column":47}},"44":{"start":{"line":52,"column":16},"end":{"line":55,"column":19}},"45":{"start":{"line":53,"column":20},"end":{"line":53,"column":73}},"46":{"start":{"line":54,"column":20},"end":{"line":54,"column":43}},"47":{"start":{"line":58,"column":8},"end":{"line":71,"column":9}},"48":{"start":{"line":59,"column":12},"end":{"line":70,"column":13}},"49":{"start":{"line":60,"column":16},"end":{"line":63,"column":19}},"50":{"start":{"line":61,"column":20},"end":{"line":61,"column":72}},"51":{"start":{"line":62,"column":20},"end":{"line":62,"column":46}},"52":{"start":{"line":66,"column":16},"end":{"line":69,"column":19}},"53":{"start":{"line":67,"column":20},"end":{"line":67,"column":72}},"54":{"start":{"line":68,"column":20},"end":{"line":68,"column":42}},"55":{"start":{"line":72,"column":8},"end":{"line":72,"column":41}},"56":{"start":{"line":73,"column":8},"end":{"line":73,"column":31}},"57":{"start":{"line":74,"column":8},"end":{"line":94,"column":9}},"58":{"start":{"line":75,"column":12},"end":{"line":88,"column":13}},"59":{"start":{"line":76,"column":16},"end":{"line":80,"column":19}},"60":{"start":{"line":77,"column":20},"end":{"line":77,"column":44}},"61":{"start":{"line":78,"column":20},"end":{"line":78,"column":81}},"62":{"start":{"line":79,"column":20},"end":{"line":79,"column":65}},"63":{"start":{"line":83,"column":16},"end":{"line":87,"column":19}},"64":{"start":{"line":84,"column":20},"end":{"line":84,"column":44}},"65":{"start":{"line":85,"column":20},"end":{"line":85,"column":81}},"66":{"start":{"line":86,"column":20},"end":{"line":86,"column":59}},"67":{"start":{"line":91,"column":12},"end":{"line":93,"column":15}},"68":{"start":{"line":92,"column":16},"end":{"line":92,"column":40}},"69":{"start":{"line":95,"column":8},"end":{"line":95,"column":47}},"70":{"start":{"line":96,"column":8},"end":{"line":96,"column":30}},"71":{"start":{"line":97,"column":8},"end":{"line":125,"column":9}},"72":{"start":{"line":98,"column":12},"end":{"line":119,"column":13}},"73":{"start":{"line":99,"column":16},"end":{"line":107,"column":19}},"74":{"start":{"line":100,"column":20},"end":{"line":106,"column":21}},"75":{"start":{"line":101,"column":24},"end":{"line":101,"column":84}},"76":{"start":{"line":102,"column":24},"end":{"line":102,"column":68}},"77":{"start":{"line":105,"column":24},"end":{"line":105,"column":45}},"78":{"start":{"line":110,"column":16},"end":{"line":118,"column":19}},"79":{"start":{"line":111,"column":20},"end":{"line":117,"column":21}},"80":{"start":{"line":112,"column":24},"end":{"line":112,"column":84}},"81":{"start":{"line":113,"column":24},"end":{"line":113,"column":62}},"82":{"start":{"line":116,"column":24},"end":{"line":116,"column":45}},"83":{"start":{"line":122,"column":12},"end":{"line":124,"column":15}},"84":{"start":{"line":123,"column":16},"end":{"line":123,"column":37}},"85":{"start":{"line":126,"column":8},"end":{"line":126,"column":45}},"86":{"start":{"line":127,"column":8},"end":{"line":162,"column":11}},"87":{"start":{"line":128,"column":12},"end":{"line":161,"column":13}},"88":{"start":{"line":129,"column":16},"end":{"line":129,"column":44}},"89":{"start":{"line":130,"column":16},"end":{"line":132,"column":17}},"90":{"start":{"line":131,"column":20},"end":{"line":131,"column":27}},"91":{"start":{"line":133,"column":16},"end":{"line":133,"column":54}},"92":{"start":{"line":134,"column":16},"end":{"line":134,"column":52}},"93":{"start":{"line":135,"column":16},"end":{"line":135,"column":52}},"94":{"start":{"line":136,"column":16},"end":{"line":136,"column":58}},"95":{"start":{"line":137,"column":16},"end":{"line":139,"column":34}},"96":{"start":{"line":140,"column":16},"end":{"line":157,"column":17}},"97":{"start":{"line":141,"column":20},"end":{"line":141,"column":55}},"98":{"start":{"line":142,"column":20},"end":{"line":156,"column":21}},"99":{"start":{"line":143,"column":24},"end":{"line":143,"column":50}},"100":{"start":{"line":145,"column":25},"end":{"line":156,"column":21}},"101":{"start":{"line":146,"column":24},"end":{"line":149,"column":28}},"102":{"start":{"line":147,"column":28},"end":{"line":147,"column":79}},"103":{"start":{"line":148,"column":28},"end":{"line":148,"column":63}},"104":{"start":{"line":152,"column":24},"end":{"line":155,"column":28}},"105":{"start":{"line":153,"column":28},"end":{"line":153,"column":79}},"106":{"start":{"line":154,"column":28},"end":{"line":154,"column":57}},"107":{"start":{"line":165,"column":0},"end":{"line":179,"column":1}},"108":{"start":{"line":166,"column":4},"end":{"line":166,"column":61}},"109":{"start":{"line":167,"column":4},"end":{"line":177,"column":5}},"110":{"start":{"line":168,"column":8},"end":{"line":168,"column":54}},"111":{"start":{"line":169,"column":8},"end":{"line":169,"column":44}},"112":{"start":{"line":170,"column":8},"end":{"line":170,"column":44}},"113":{"start":{"line":171,"column":8},"end":{"line":171,"column":50}},"114":{"start":{"line":172,"column":8},"end":{"line":175,"column":32}},"115":{"start":{"line":176,"column":8},"end":{"line":176,"column":77}},"116":{"start":{"line":178,"column":4},"end":{"line":178,"column":51}},"117":{"start":{"line":180,"column":0},"end":{"line":180,"column":22}},"118":{"start":{"line":181,"column":0},"end":{"line":187,"column":1}},"119":{"start":{"line":182,"column":4},"end":{"line":182,"column":61}},"120":{"start":{"line":183,"column":4},"end":{"line":185,"column":6}},"121":{"start":{"line":184,"column":8},"end":{"line":184,"column":75}},"122":{"start":{"line":186,"column":4},"end":{"line":186,"column":64}},"123":{"start":{"line":188,"column":0},"end":{"line":188,"column":20}},"124":{"start":{"line":193,"column":0},"end":{"line":202,"column":1}},"125":{"start":{"line":194,"column":4},"end":{"line":201,"column":6}},"126":{"start":{"line":195,"column":8},"end":{"line":200,"column":9}},"127":{"start":{"line":196,"column":12},"end":{"line":196,"column":38}},"128":{"start":{"line":199,"column":12},"end":{"line":199,"column":51}},"129":{"start":{"line":203,"column":0},"end":{"line":203,"column":20}},"130":{"start":{"line":208,"column":0},"end":{"line":217,"column":1}},"131":{"start":{"line":209,"column":4},"end":{"line":216,"column":6}},"132":{"start":{"line":210,"column":8},"end":{"line":215,"column":9}},"133":{"start":{"line":211,"column":12},"end":{"line":211,"column":41}},"134":{"start":{"line":214,"column":12},"end":{"line":214,"column":54}},"135":{"start":{"line":218,"column":0},"end":{"line":218,"column":26}},"136":{"start":{"line":224,"column":0},"end":{"line":231,"column":1}},"137":{"start":{"line":225,"column":4},"end":{"line":230,"column":5}},"138":{"start":{"line":226,"column":8},"end":{"line":226,"column":37}},"139":{"start":{"line":229,"column":8},"end":{"line":229,"column":50}},"140":{"start":{"line":232,"column":0},"end":{"line":232,"column":26}},"141":{"start":{"line":238,"column":0},"end":{"line":245,"column":1}},"142":{"start":{"line":239,"column":4},"end":{"line":244,"column":5}},"143":{"start":{"line":240,"column":8},"end":{"line":240,"column":34}},"144":{"start":{"line":243,"column":8},"end":{"line":243,"column":47}},"145":{"start":{"line":246,"column":0},"end":{"line":246,"column":20}},"146":{"start":{"line":252,"column":0},"end":{"line":259,"column":1}},"147":{"start":{"line":253,"column":4},"end":{"line":258,"column":5}},"148":{"start":{"line":254,"column":8},"end":{"line":254,"column":34}},"149":{"start":{"line":257,"column":8},"end":{"line":257,"column":47}},"150":{"start":{"line":260,"column":0},"end":{"line":260,"column":20}},"151":{"start":{"line":264,"column":0},"end":{"line":266,"column":1}},"152":{"start":{"line":265,"column":4},"end":{"line":265,"column":40}},"153":{"start":{"line":267,"column":0},"end":{"line":267,"column":26}},"154":{"start":{"line":272,"column":0},"end":{"line":398,"column":1}},"155":{"start":{"line":273,"column":4},"end":{"line":273,"column":25}},"156":{"start":{"line":274,"column":4},"end":{"line":397,"column":7}},"157":{"start":{"line":275,"column":8},"end":{"line":275,"column":52}},"158":{"start":{"line":276,"column":8},"end":{"line":276,"column":39}},"159":{"start":{"line":277,"column":8},"end":{"line":277,"column":37}},"160":{"start":{"line":278,"column":8},"end":{"line":278,"column":47}},"161":{"start":{"line":279,"column":8},"end":{"line":279,"column":45}},"162":{"start":{"line":280,"column":8},"end":{"line":280,"column":72}},"163":{"start":{"line":282,"column":8},"end":{"line":288,"column":10}},"164":{"start":{"line":283,"column":12},"end":{"line":287,"column":15}},"165":{"start":{"line":289,"column":8},"end":{"line":295,"column":10}},"166":{"start":{"line":290,"column":12},"end":{"line":294,"column":15}},"167":{"start":{"line":296,"column":8},"end":{"line":302,"column":10}},"168":{"start":{"line":297,"column":12},"end":{"line":301,"column":15}},"169":{"start":{"line":303,"column":8},"end":{"line":312,"column":10}},"170":{"start":{"line":304,"column":12},"end":{"line":304,"column":34}},"171":{"start":{"line":305,"column":12},"end":{"line":307,"column":13}},"172":{"start":{"line":306,"column":16},"end":{"line":306,"column":26}},"173":{"start":{"line":308,"column":12},"end":{"line":308,"column":43}},"174":{"start":{"line":309,"column":12},"end":{"line":309,"column":29}},"175":{"start":{"line":310,"column":12},"end":{"line":310,"column":32}},"176":{"start":{"line":311,"column":12},"end":{"line":311,"column":24}},"177":{"start":{"line":313,"column":8},"end":{"line":315,"column":10}},"178":{"start":{"line":314,"column":12},"end":{"line":314,"column":66}},"179":{"start":{"line":316,"column":8},"end":{"line":318,"column":10}},"180":{"start":{"line":317,"column":12},"end":{"line":317,"column":30}},"181":{"start":{"line":319,"column":8},"end":{"line":321,"column":10}},"182":{"start":{"line":320,"column":12},"end":{"line":320,"column":31}},"183":{"start":{"line":323,"column":8},"end":{"line":337,"column":9}},"184":{"start":{"line":324,"column":12},"end":{"line":324,"column":50}},"185":{"start":{"line":325,"column":12},"end":{"line":325,"column":50}},"186":{"start":{"line":326,"column":12},"end":{"line":326,"column":56}},"187":{"start":{"line":327,"column":12},"end":{"line":327,"column":57}},"188":{"start":{"line":328,"column":12},"end":{"line":336,"column":13}},"189":{"start":{"line":329,"column":16},"end":{"line":329,"column":63}},"190":{"start":{"line":331,"column":17},"end":{"line":336,"column":13}},"191":{"start":{"line":332,"column":16},"end":{"line":332,"column":63}},"192":{"start":{"line":335,"column":16},"end":{"line":335,"column":64}},"193":{"start":{"line":339,"column":8},"end":{"line":357,"column":10}},"194":{"start":{"line":340,"column":12},"end":{"line":356,"column":13}},"195":{"start":{"line":341,"column":16},"end":{"line":343,"column":18}},"196":{"start":{"line":342,"column":20},"end":{"line":342,"column":49}},"197":{"start":{"line":345,"column":17},"end":{"line":356,"column":13}},"198":{"start":{"line":346,"column":16},"end":{"line":346,"column":55}},"199":{"start":{"line":349,"column":16},"end":{"line":349,"column":33}},"200":{"start":{"line":350,"column":16},"end":{"line":350,"column":30}},"201":{"start":{"line":351,"column":16},"end":{"line":355,"column":19}},"202":{"start":{"line":358,"column":8},"end":{"line":364,"column":10}},"203":{"start":{"line":359,"column":12},"end":{"line":363,"column":15}},"204":{"start":{"line":365,"column":8},"end":{"line":371,"column":10}},"205":{"start":{"line":366,"column":12},"end":{"line":370,"column":15}},"206":{"start":{"line":372,"column":8},"end":{"line":391,"column":10}},"207":{"start":{"line":373,"column":12},"end":{"line":390,"column":13}},"208":{"start":{"line":374,"column":16},"end":{"line":374,"column":42}},"209":{"start":{"line":376,"column":17},"end":{"line":390,"column":13}},"210":{"start":{"line":377,"column":16},"end":{"line":377,"column":48}},"211":{"start":{"line":380,"column":16},"end":{"line":380,"column":33}},"212":{"start":{"line":381,"column":16},"end":{"line":381,"column":30}},"213":{"start":{"line":382,"column":16},"end":{"line":382,"column":38}},"214":{"start":{"line":383,"column":16},"end":{"line":385,"column":17}},"215":{"start":{"line":384,"column":20},"end":{"line":384,"column":30}},"216":{"start":{"line":386,"column":16},"end":{"line":386,"column":47}},"217":{"start":{"line":387,"column":16},"end":{"line":387,"column":33}},"218":{"start":{"line":388,"column":16},"end":{"line":388,"column":36}},"219":{"start":{"line":389,"column":16},"end":{"line":389,"column":28}},"220":{"start":{"line":392,"column":8},"end":{"line":394,"column":10}},"221":{"start":{"line":393,"column":12},"end":{"line":393,"column":68}},"222":{"start":{"line":395,"column":8},"end":{"line":395,"column":45}},"223":{"start":{"line":396,"column":8},"end":{"line":396,"column":51}},"224":{"start":{"line":400,"column":0},"end":{"line":400,"column":46}}},"branchMap":{"1":{"line":13,"type":"binary-expr","locations":[{"start":{"line":13,"column":24},"end":{"line":13,"column":40}},{"start":{"line":13,"column":44},"end":{"line":13,"column":65}}]},"2":{"line":14,"type":"binary-expr","locations":[{"start":{"line":14,"column":24},"end":{"line":14,"column":40}},{"start":{"line":14,"column":44},"end":{"line":14,"column":65}}]},"3":{"line":27,"type":"if","locations":[{"start":{"line":27,"column":4},"end":{"line":27,"column":4}},{"start":{"line":27,"column":4},"end":{"line":27,"column":4}}]},"4":{"line":31,"type":"if","locations":[{"start":{"line":31,"column":4},"end":{"line":31,"column":4}},{"start":{"line":31,"column":4},"end":{"line":31,"column":4}}]},"5":{"line":35,"type":"if","locations":[{"start":{"line":35,"column":4},"end":{"line":35,"column":4}},{"start":{"line":35,"column":4},"end":{"line":35,"column":4}}]},"6":{"line":44,"type":"if","locations":[{"start":{"line":44,"column":8},"end":{"line":44,"column":8}},{"start":{"line":44,"column":8},"end":{"line":44,"column":8}}]},"7":{"line":45,"type":"if","locations":[{"start":{"line":45,"column":12},"end":{"line":45,"column":12}},{"start":{"line":45,"column":12},"end":{"line":45,"column":12}}]},"8":{"line":58,"type":"if","locations":[{"start":{"line":58,"column":8},"end":{"line":58,"column":8}},{"start":{"line":58,"column":8},"end":{"line":58,"column":8}}]},"9":{"line":59,"type":"if","locations":[{"start":{"line":59,"column":12},"end":{"line":59,"column":12}},{"start":{"line":59,"column":12},"end":{"line":59,"column":12}}]},"10":{"line":74,"type":"if","locations":[{"start":{"line":74,"column":8},"end":{"line":74,"column":8}},{"start":{"line":74,"column":8},"end":{"line":74,"column":8}}]},"11":{"line":75,"type":"if","locations":[{"start":{"line":75,"column":12},"end":{"line":75,"column":12}},{"start":{"line":75,"column":12},"end":{"line":75,"column":12}}]},"12":{"line":97,"type":"if","locations":[{"start":{"line":97,"column":8},"end":{"line":97,"column":8}},{"start":{"line":97,"column":8},"end":{"line":97,"column":8}}]},"13":{"line":98,"type":"if","locations":[{"start":{"line":98,"column":12},"end":{"line":98,"column":12}},{"start":{"line":98,"column":12},"end":{"line":98,"column":12}}]},"14":{"line":130,"type":"if","locations":[{"start":{"line":130,"column":16},"end":{"line":130,"column":16}},{"start":{"line":130,"column":16},"end":{"line":130,"column":16}}]},"15":{"line":137,"type":"binary-expr","locations":[{"start":{"line":137,"column":32},"end":{"line":137,"column":42}},{"start":{"line":137,"column":46},"end":{"line":137,"column":61}},{"start":{"line":138,"column":24},"end":{"line":138,"column":34}},{"start":{"line":138,"column":38},"end":{"line":138,"column":53}},{"start":{"line":139,"column":23},"end":{"line":139,"column":33}}]},"16":{"line":140,"type":"if","locations":[{"start":{"line":140,"column":16},"end":{"line":140,"column":16}},{"start":{"line":140,"column":16},"end":{"line":140,"column":16}}]},"17":{"line":140,"type":"binary-expr","locations":[{"start":{"line":140,"column":20},"end":{"line":140,"column":28}},{"start":{"line":140,"column":32},"end":{"line":140,"column":42}},{"start":{"line":140,"column":46},"end":{"line":140,"column":59}},{"start":{"line":140,"column":63},"end":{"line":140,"column":73}}]},"18":{"line":141,"type":"binary-expr","locations":[{"start":{"line":141,"column":31},"end":{"line":141,"column":39}},{"start":{"line":141,"column":43},"end":{"line":141,"column":54}}]},"19":{"line":142,"type":"if","locations":[{"start":{"line":142,"column":20},"end":{"line":142,"column":20}},{"start":{"line":142,"column":20},"end":{"line":142,"column":20}}]},"20":{"line":142,"type":"binary-expr","locations":[{"start":{"line":142,"column":24},"end":{"line":142,"column":37}},{"start":{"line":142,"column":41},"end":{"line":142,"column":52}},{"start":{"line":142,"column":56},"end":{"line":142,"column":67}}]},"21":{"line":145,"type":"if","locations":[{"start":{"line":145,"column":25},"end":{"line":145,"column":25}},{"start":{"line":145,"column":25},"end":{"line":145,"column":25}}]},"22":{"line":166,"type":"binary-expr","locations":[{"start":{"line":166,"column":24},"end":{"line":166,"column":50}},{"start":{"line":166,"column":54},"end":{"line":166,"column":60}}]},"23":{"line":168,"type":"binary-expr","locations":[{"start":{"line":168,"column":25},"end":{"line":168,"column":38}},{"start":{"line":168,"column":42},"end":{"line":168,"column":53}}]},"24":{"line":172,"type":"binary-expr","locations":[{"start":{"line":172,"column":25},"end":{"line":172,"column":35}},{"start":{"line":172,"column":39},"end":{"line":172,"column":56}},{"start":{"line":173,"column":16},"end":{"line":173,"column":26}},{"start":{"line":173,"column":30},"end":{"line":173,"column":47}},{"start":{"line":174,"column":16},"end":{"line":174,"column":29}},{"start":{"line":174,"column":33},"end":{"line":174,"column":50}},{"start":{"line":175,"column":15},"end":{"line":175,"column":31}}]},"25":{"line":178,"type":"cond-expr","locations":[{"start":{"line":178,"column":27},"end":{"line":178,"column":33}},{"start":{"line":178,"column":36},"end":{"line":178,"column":50}}]},"26":{"line":182,"type":"binary-expr","locations":[{"start":{"line":182,"column":24},"end":{"line":182,"column":50}},{"start":{"line":182,"column":54},"end":{"line":182,"column":60}}]},"27":{"line":184,"type":"binary-expr","locations":[{"start":{"line":184,"column":46},"end":{"line":184,"column":59}},{"start":{"line":184,"column":63},"end":{"line":184,"column":74}}]},"28":{"line":186,"type":"cond-expr","locations":[{"start":{"line":186,"column":27},"end":{"line":186,"column":33}},{"start":{"line":186,"column":36},"end":{"line":186,"column":63}}]},"29":{"line":195,"type":"if","locations":[{"start":{"line":195,"column":8},"end":{"line":195,"column":8}},{"start":{"line":195,"column":8},"end":{"line":195,"column":8}}]},"30":{"line":210,"type":"if","locations":[{"start":{"line":210,"column":8},"end":{"line":210,"column":8}},{"start":{"line":210,"column":8},"end":{"line":210,"column":8}}]},"31":{"line":225,"type":"if","locations":[{"start":{"line":225,"column":4},"end":{"line":225,"column":4}}
[...]
","    let result = (target, propertyKey) => {","        target[propertyKey][testNameSymbol] = decoratorName || propertyKey;","    };","    return decoratorName ? result : result(target, propertyKey);","}","exports.test = test;","/**"," * Set a test method execution time that is considered slow."," * @param time The time in miliseconds."," */","function slow(time) {","    return function (target, propertyKey) {","        if (arguments.length === 1) {","            target[slowSymbol] = time;","        }","        else {","            target[propertyKey][slowSymbol] = time;","        }","    };","}","exports.slow = slow;","/**"," * Set a test method or suite timeout time."," * @param time The time in miliseconds."," */","function timeout(time) {","    return function (target, propertyKey) {","        if (arguments.length === 1) {","            target[timeoutSymbol] = time;","        }","        else {","            target[propertyKey][timeoutSymbol] = time;","        }","    };","}","exports.timeout = timeout;","/**"," * Mart a test or suite as pending."," *  - Used as `@suite @pending class` is `describe.skip(\"name\", ...);`."," *  - Used as `@test @pending method` is `it(\"name\");`"," */","function pending(target, propertyKey) {","    if (arguments.length === 1) {","        target[pendingSumbol] = true;","    }","    else {","        target[propertyKey][pendingSumbol] = true;","    }","}","exports.pending = pending;","/**"," * Mark a test or suite as the only one to execute."," *  - Used as `@suite @only class` is `describe.only(\"name\", ...)`."," *  - Used as `@test @only method` is `it.only(\"name\", ...)`."," */","function only(target, propertyKey) {","    if (arguments.length === 1) {","        target[onlySymbol] = true;","    }","    else {","        target[propertyKey][onlySymbol] = true;","    }","}","exports.only = only;","/**"," * Mark a test or suite to skip."," *  - Used as `@suite @skip class` is `describe.skip(\"name\", ...);`."," *  - Used as `@test @skip method` is `it.skip(\"name\")`."," */","function skip(target, propertyKey) {","    if (arguments.length === 1) {","        target[onlySymbol] = true;","    }","    else {","        target[propertyKey][skipSymbol] = true;","    }","}","exports.skip = skip;","/**"," * Mark a method as test. Use the method name as test name."," */","function context(target, propertyKey) {","    target[contextSymbol] = propertyKey;","}","exports.context = context;","/**"," * Rip-off the TDD and BDD at: mocha/lib/interfaces/tdd.js and mocha/lib/interfaces/bdd.js"," * Augmented the suite and test for the mocha-typescript decorators."," */","function tsdd(suite) {","    var suites = [suite];","    suite.on('pre-require', function (context, file, mocha) {","        var common = Common(suites, context, mocha);","        context.before = common.before;","        context.after = common.after;","        context.beforeEach = common.beforeEach;","        context.afterEach = common.afterEach;","        context.run = mocha.options.delay && common.runWithSuite(suite);","        // Copy of bdd","        context.describe = context.context = function (title, fn) {","            return common.suite.create({","                title: title,","                file: file,","                fn: fn","            });","        };","        context.xdescribe = context.xcontext = context.describe.skip = function (title, fn) {","            return common.suite.skip({","                title: title,","                file: file,","                fn: fn","            });","        };","        context.describe.only = function (title, fn) {","            return common.suite.only({","                title: title,","                file: file,","                fn: fn","            });","        };","        context.it = context.specify = function (title, fn) {","            var suite = suites[0];","            if (suite.isPending()) {","                fn = null;","            }","            var test = new Test(title, fn);","            test.file = file;","            suite.addTest(test);","            return test;","        };","        context.it.only = function (title, fn) {","            return common.test.only(mocha, context.it(title, fn));","        };","        context.xit = context.xspecify = context.it.skip = function (title) {","            context.it(title);","        };","        context.it.retries = function (n) {","            context.retries(n);","        };","        // Processing decorators for mocha-typescript","        function makeClassSuite(title, target) {","            const shouldSkip = target[skipSymbol];","            const shouldOnly = target[onlySymbol];","            const shouldPending = target[pendingSumbol];","            const fn = makeTestFunction(target, context);","            if (shouldOnly) {","                return context.suite.only({ title, file, fn });","            }","            else if (shouldSkip || shouldPending) {","                return context.suite.skip({ title, file, fn });","            }","            else {","                return common.suite.create({ title, file, fn });","            }","        }","        // tdd + mocha-typescript decorators","        context.suite = function (arg1, arg2) {","            if (typeof arg1 === \"string\" && arguments.length === 1) {","                return function (target) {","                    makeClassSuite(arg1, target);","                };","            }","            else if (typeof arg1 === \"function\") {","                return makeClassSuite(arg1.name, arg1);","            }","            else {","                let title = arg1;","                let fn = arg2;","                return common.suite.create({","                    title: title,","                    file: file,","                    fn: fn","                });","            }","        };","        context.suite.skip = function (title, fn) {","            return common.suite.skip({","                title: title,","                file: file,","                fn: fn","            });","        };","        context.suite.only = function (title, fn) {","            return common.suite.only({","                title: title,","                file: file,","                fn: fn","            });","        };","        context.test = function (arg1, arg2, arg3) {","            if (typeof arg1 === \"string\" && arguments.length === 1) {","                return exports.test(arg1);","            }","            else if (typeof arg1 === \"object\" && (typeof arg2 === \"string\" || typeof arg2 === \"symbol\") && arguments.length >= 2) {","                return exports.test(arg1, arg2);","            }","            else {","                let title = arg1;","                let fn = arg2;","                var suite = suites[0];","                if (suite.isPending()) {","                    fn = null;","                }","                var test = new Test(title, fn);","                test.file = file;","                suite.addTest(test);","                return test;","            }","        };","        context.test.only = function (title, fn) {","            return common.test.only(mocha, context.test(title, fn));","        };","        context.test.skip = common.test.skip;","        context.test.retries = common.test.retries;","    });","}",";","module.exports = Object.assign(tsdd, exports);","//# sourceMappingURL=index.js.map"],"l":{"2":2,"3":2,"4":0,"5":0,"6":0,"7":0,"8":0,"9":0,"10":0,"12":0,"13":0,"14":0,"16":0,"17":0,"18":0,"19":0,"20":0,"21":0,"22":0,"23":0,"24":0,"25":1,"26":0,"27":0,"28":0,"30":0,"31":0,"32":0,"34":0,"35":0,"36":0,"39":0,"40":1,"41":0,"42":0,"43":0,"44":0,"45":0,"46":0,"47":0,"48":0,"52":0,"53":0,"54":0,"58":0,"59":0,"60":0,"61":0,"62":0,"66":0,"67":0,"68":0,"72":0,"73":0,"74":0,"75":0,"76":0,"77":0,"78":0,"79":0,"83":0,"84":0,"85":0,"86":0,"91":0,"92":0,"95":0,"96":0,"97":0,"98":0,"99":0,"100":0,"101":0,"102":0,"105":0,"110":0,"111":0,"112":0,"113":0,"116":0,"122":0,"123":0,"126":0,"127":0,"128":0,"129":0,"130":0,"131":0,"133":0,"134":0,"135":0,"136":0,"137":0,"140":0,"141":0,"142":0,"143":0,"145":0,"146":0,"147":0,"148":0,"152":0,"153":0,"154":0,"165":1,"166":0,"167":1,"168":0,"169":0,"170":0,"171":0,"172":0,"176":0,"178":0,"180":0,"181":1,"182":0,"183":0,"184":0,"186":0,"188":0,"193":1,"194":0,"195":0,"196":0,"199":0,"203":0,"208":1,"209":0,"210":0,"211":0,"214":0,"218":0,"224":1,"225":0,"226":0,"229":0,"232":0,"238":1,"239":0,"240":0,"243":0,"246":0,"252":1,"253":0,"254":0,"257":0,"260":0,"264":1,"265":0,"267":0,"272":1,"273":0,"274":0,"275":0,"276":0,"277":0,"278":0,"279":0,"280":0,"282":0,"283":0,"289":0,"290":0,"296":0,"297":0,"303":0,"304":0,"305":0,"306":0,"308":0,"309":0,"310":0,"311":0,"313":0,"314":0,"316":0,"317":0,"319":0,"320":0,"323":1,"324":0,"325":0,"326":0,"327":0,"328":0,"329":0,"331":0,"332":0,"335":0,"339":0,"340":0,"341":0,"342":0,"345":0,"346":0,"349":0,"350":0,"351":0,"358":0,"359":0,"365":0,"366":0,"372":0,"373":0,"374":0,"376":0,"377":0,"380":0,"381":0,"382":0,"383":0,"384":0,"386":0,"387":0,"388":0,"389":0,"392":0,"393":0,"395":0,"396":0,"400":0}},"/home/travis/build/npmtest/node-npmtest-mocha-typescript/node_modules/mocha-typescript/bin/watch.js":{"path":"/home/travis/build/npmtest/node-npmtest-mocha-typescript/node_modules/mocha-typescript/bin/watch.js","s":{"1":1,"2":1,"3":1,"4":1,"5":1,"6":1,"7":1,"8":1,"9":1,"10":1,"11":1,"12":1,"13":0,"14":0,"15":0,"16":0,"17":0,"18":1,"19":0,"20":1,"21":0,"22":0,"23":0,"24":0,"25":0,"26":0,"27":0,"28":0,"29":0,"30":0,"31":0,"32":0,"33":0,"34":0,"35":0,"36":0,"37":0,"38":0,"39":0,"40":0,"41":0,"42":1,"43":1,"44":1,"45":0,"46":0,"47":0,"48":0,"49":0,"50":0,"51":0,"52":0,"53":0},"b":{"1":[0,0],"2":[0,0],"3":[0,0],"4":[0,0],"5":[0,0],"6":[0,0],"7":[0,0],"8":[0,0],"9":[0,0],"10":[0,0]},"f":{"1":0,"2":0,"3":0},"fnMap":{"1":{"name":"compilationStarted","line":64,"loc":{"start":{"line":64,"column":0},"end":{"line":64,"column":30}}},"2":{"name":"foundErrors","line":72,"loc":{"start":{"line":72,"column":0},"end":{"line":72,"column":23}}},"3":{"name":"compilationComplete","line":75,"loc":{"start":{"line":75,"column":0},"end":{"line":75,"column":31}}}},"statementMap":{"1":{"start":{"line":3,"column":0},"end":{"line":3,"column":62}},"2":{"start":{"line":4,"column":0},"end":{"line":4,"column":47}},"3":{"start":{"line":5,"column":0},"end":{"line":5,"column":37}},"4":{"start":{"line":6,"column":0},"end":{"line":6,"column":31}},"5":{"start":{"line":7,"column":0},"end":{"line":7,"column":31}},"6":{"start":{"line":8,"column":0},"end":{"line":8,"column":32}},"7":{"start":{"line":9,"column":0},"end":{"line":56,"column":10}},"8":{"start":{"line":57,"column":0},"end":{"line":57,"column":63}},"9":{"start":{"line":58,"column":0},"end":{"line":61,"column":3}},"10":{"start":{"line":62,"column":0},"end":{"line":62,"column":18}},"11":{"start":{"line":63,"column":0},"end":{"line":63,"column":15}},"12":{"start":{"line":64,"column":0},"end":{"line":71,"column":1}},"13":{"start":{"line":65,"column":4},"end":{"line":68,"column":5}},"14":{"start":{"line":66,"column":8},"end":{"line":66,"column":30}},"15":{"start":{"line":67,"column":8},"end":{"line":67,"column":22}},"16":{"start":{"line":69,"column":4},"end":{"line":69,"column":18}},"17":{"start":{"line":70,"column":4},"end":{"line":70,"column":15}},"18":{"start":{"line":72,"column":0},"end":{"line":74,"column":1}},"19":{"start":{"line":73,"column":4},"end":{"line":73,"column":13}},"20":{"start":{"line":75,"column":0},"end":{"line":110,"column":1}},"21":{"start":{"line":76,"column":4},"end":{"line":82,"column":5}},"22":{"start":{"line":77,"column":8},"end":{"line":77,"column":45}},"23":{"start":{"line":78,"column":8},"end":{"line":78,"column":15}},"24":{"start":{"line":81,"column":8},"end":{"line":81,"column":46}},"25":{"start":{"line":83,"column":4},"end":{"line":83,"column":73}},"26":{"start":{"line":84,"column":4},"end":{"line":87,"column":5}},"27":{"start":{"line":85,"column":8},"end":{"line":85,"column":33}},"28":{"start":{"line":86,"column":8},"end":{"line":86,"column":35}},"29":{"start":{"line":88,"column":4},"end":{"line":91,"column":5}},"30":{"start":{"line":89,"column":8},"end":{"line":89,"column":33}},"31":{"start":{"line":90,"column":8},"end":{"line":90,"column":35}},"32":{"start":{"line":92,"column":4},"end":{"line":92,"column":63}},"33":{"start":{"line":93,"column":4},"end":{"line":93,"column":24}},"34":{"start":{"line":94,"column":4},"end":{"line":103,"column":7}},"35":{"start":{"line":95,"column":8},"end":{"line":102,"column":9}},"36":{"start":{"line":96,"column":12},"end":{"line":100,"column":13}},"37":{"start":{"line":97,"column":16},"end":{"line":97,"column":62}},"38":{"start":{"line":101,"column":12},"end":{"line":101,"column":26}},"39":{"start":{"line":104,"column":4},"end":{"line":109,"column":7}},"40":{"start":{"line":106,"column":8},"end":{"line":108,"column":9}},"41":{"start":{"line":107,"column":12},"end":{"line":107,"column":40}},"42":{"start":{"line":111,"column":0},"end":{"line":111,"column":63}},"43":{"start":{"line":112,"column":0},"end":{"line":112,"column":60}},"44":{"start":{"line":113,"column":0},"end":{"line":126,"column":3}},"45":{"start":{"line":114,"column":4},"end":{"line":125,"column":5}},"46":{"start":{"line":115,"column":8},"end":{"line":115,"column":26}},"47":{"start":{"line":116,"column":8},"end":{"line":116,"column":30}},"48":{"start":{"line":118,"column":9},"end":{"line":125,"column":5}},"49":{"start":{"line":119,"column":8},"end":{"line":119,"column":29}},"50":{"start":{"line":120,"column":8},"end":{"line":120,"column":26}},"51":{"start":{"line":122,"column":9},"end":{"line":125,"column":5}},"52":{"start":{"line":123,"column":8},"end":{"line":123,"column":26}},"53":{"start":{"line":124,"column":8},"end":{"line":124,"column":22}}},"branchMap":{"1":{"line":65,"type":"if","locations":[{"start":{"line":65,"column":4},"end":{"line":65,"column":4}},{"start":{"line":65,"column":4},"end":{"line":65,"column":4}}]},"2":{"line":76,"type":"if","locations":[{"start":{"line":76,"column":4},"end":{"line":76,"column":4}},{"start":{"line":76,"column":4},"end":{"line":76,"column":4}}]},"3":{"line":84,"type":"if","locations":[{"start":{"line":84,"column":4},"end":{"line":84,"column":4}},{"start":{"line":84,"column":4},"end":{"line":84,"column":4}}]},"4":{"line":88,"type":"if","locations":[{"start":{"line":88,"column":4},"end":{"line":88,"column":4}},{"start":{"line":88,"column":4},"end":{"line":88,"column":4}}]},"5":{"line":95,"type":"if","locations":[{"start":{"line":95,"column":8},"end":{"line":95,"column":8}},{"start":{"line":95,"column":8},"end":{"line":95,"column":8}}]},"6":{"line":96,"type":"if","locations":[{"start":{"line":96,"column":12},"end":{"line":96,"column":12}},{"start":{"line":96,"column":12},"end":{"line":96,"column":12}}]},"7":{"line":106,"type":"if","locations":[{"start":{"line":106,"column":8},"end":{"line":106,"column":8}},{"start":{"line":106,"column":8},"end":{"line":106,"column":8}}]},"8":{"line":114,"type":"if","locations":[{"start":{"line":114,"column":4},"end":{"line":114,"column":4}},{"start":{"line":114,"column":4},"end":{"line":114,"column":4}}]},"9":{"line":118,"type":"if","locations":[{"start":{"line":118,"column":9},"end":{"line":118,"column":9}},{"start":{"line":118,"column":9},"end":{"line":118,"column":9}}]},"10":{"line":122,"type":"if","locations":[{"start":{"line":122,"column":9},"end":{"line":122,"column":9}},{"start":{"line":122,"column":9},"end":{"line":122,"column":9}}]}},"code":["//#!/usr/bin/env node","\"use strict\";","Object.defineProperty(exports, \"__esModule\", { value: true });","const child_process = require(\"child_process\");","const readline = require(\"readline\");","const chalk = require(\"chalk\");","const yargs = require(\"yargs\");","var spawn = child_process.spawn;","var argv = yargs","    .options({","    \"p\": {","        alias: \"project\",","        demand: false,","        default: \".\",","        describe: \"Path to tsconfig file or directory containing tsconfig, passed to `tsc -p <value>`.\",","        type: \"string\"","    },","    \"t\": {","        alias: \"tsc\",","        demand: false,","        default: \"./node_modules/typescript/bin/tsc\",","        describe: \"Path to executable tsc, by default points to typescript installed as dev dependency. Set to 'tsc' for global tsc installation.\",","        type: \"string\"","    },","    \"o\": {","        alias: \"opts\",","        demand: false,","        default: \"./test/mocha.opts\",","        describe: \"Path to mocha.opts file containing additional mocha configuration.\",","        type: \"string\"","    },","    \"m\": {","        alias: \"mocha\",","        demand: false,","        default: \"./node_modules/mocha/bin/_mocha\",","        describe: \"Path to executable mocha, by default points to mocha installed as dev dependency.\",","        type: \"string\"","    },","    \"g\": {","        alias: \"grep\",","        demand: false,","        default: undefined,","        describe: \"Passed down to mocha: only run tests matching <pattern>\",","        type: \"string\"","    },","    \"f\": {","        alias: \"fgrep\",","        demand: false,","        default: undefined,","        describe: \"Passed down to mocha: only run tests containing <string>\",","        type: \"string\"","    }","})","    .help(\"h\")","    .alias(\"h\", \"help\")","    .argv;","var stdl = readline.createInterface({ input: process.stdin, });","stdl.on(\"line\", line => {","    // TODO: handle \"g <pattern>\" or \"f <pattern>\" to run mocha with pattern","    // Ctrl + R may restart mocha test run?","});","var mochap = null;","var errors = 0;","function compilationStarted() {","    if (mochap) {","        mochap.kill(\"SIGINT\");","        console.log();","    }","    mochap = null;","    errors = 0;","}","function foundErrors() {","    errors++;","}","function compilationComplete() {","    if (errors) {","        console.log(chalk.red(\"TS errors!\"));","        return;","    }","    else {","        console.log(chalk.gray(\"Run mocha.\"));","    }","    var mocha_options = [\"--opts\", argv.opts, \"--colors\"].concat(argv._);","    if (argv.g) {","        mocha_options.push(\"-g\");","        mocha_options.push(argv.g);","    }","    if (argv.f) {","        mocha_options.push(\"-f\");","        mocha_options.push(argv.f);","    }","    mochap = spawn(\"node\", [argv.mocha].concat(mocha_options));","    let source = mochap;","    mochap.on(\"close\", code => {","        if (source === mochap) {","            if (code) {","                console.log(chalk.red(\"Exited with \" + code));","            }","            else {","            }","            mochap = null;","        }","    });","    mochap.stdout.on(\"data\", chunk => {","        // Ensure old processes won't interfere tsc, .pipe here may be good enough.","        if (source === mochap) {","            process.stdout.write(chunk);","        }","    });","}","var tscp = spawn(\"node\", [argv.tsc, \"-p\", argv.project, \"-w\"]);","var tscl = readline.createInterface({ input: tscp.stdout });","tscl.on(\"line\", line => {","    if (line.indexOf(\"Compilation complete.\") >= 0) {","        console.log(line);","        compilationComplete();","    }","    else if (line.indexOf(\"File change detected.\") >= 0) {","        compilationStarted();","        console.log(line);","    }","    else if (line.indexOf(\": error TS\") >= 0) {","        console.log(line);","        foundErrors();","    }","});","//# sourceMappingURL=watch.js.map"],"l":{"3":1,"4":1,"5":1,"6":1,"7":1,"8":1,"9":1,"57":1,"58":1,"62":1,"63":1,"64":1,"65":0,"66":0,"67":0,"69":0,"70":0,"72":1,"73":0,"75":1,"76":0,"77":0,"78":0,"81":0,"83":0,"84":0,"85":0,"86":0,"88":0,"89":0,"90":0,"92":0,"93":0,"94":0,"95":0,"96":0,"97":0,"101":0,"104":0,"106":0,"107":0,"111":1,"112":1,"113":1,"114":0,"115":0,"116":0,"118":0,"119":0,"120":0,"122":0,"123":0,"124":0}}}